
*** Running xst
    with args -ifn "SensorMP_stub.xst" -ofn "SensorMP_stub.srp" -intstyle ise

Reading design: SensorMP_stub.prj

=========================================================================
*                          HDL Parsing                                  *
=========================================================================
Parsing VHDL file "D:/Git/InstrumentX/InX.srcs/sources_1/edk/SensorMP/hdl/SensorMP.vhd" into library work
Parsing entity <SensorMP>.
Parsing architecture <STRUCTURE> of entity <sensormp>.
Parsing VHDL file "D:/Git/InstrumentX/InX.srcs/sources_1/edk/SensorMP/SensorMP_stub.vhd" into library work
Parsing entity <SensorMP_stub>.
Parsing architecture <STRUCTURE> of entity <sensormp_stub>.

=========================================================================
*                            HDL Elaboration                            *
=========================================================================

Elaborating entity <SensorMP_stub> (architecture <STRUCTURE>) from library <work>.

Elaborating entity <SensorMP> (architecture <>) from library <work>.

=========================================================================
*                           HDL Synthesis                               *
=========================================================================

Synthesizing Unit <SensorMP_stub>.
    Related source file is "D:/Git/InstrumentX/InX.srcs/sources_1/edk/SensorMP/SensorMP_stub.vhd".
    Set property "BOX_TYPE = user_black_box" for instance <SensorMP_i>.
    Summary:
	no macro.
Unit <SensorMP_stub> synthesized.

=========================================================================
HDL Synthesis Report

Found no macro
=========================================================================

=========================================================================
*                       Advanced HDL Synthesis                          *
=========================================================================

Reading core <..\..\InX.srcs\sources_1\edk\SensorMP\implementation/SensorMP.ngc>.
Reading core <..\..\InX.srcs\sources_1\edk\SensorMP\implementation/SensorMP_processing_system7_0_wrapper.ngc>.
Reading core <..\..\InX.srcs\sources_1\edk\SensorMP\implementation/SensorMP_microblaze_0_reset_wrapper.ngc>.
Reading core <..\..\InX.srcs\sources_1\edk\SensorMP\implementation/SensorMP_clock_generator_0_wrapper.ngc>.
Reading core <..\..\InX.srcs\sources_1\edk\SensorMP\implementation/SensorMP_fsl_v20_0_i2s_mb0_wrapper.ngc>.
Reading core <..\..\InX.srcs\sources_1\edk\SensorMP\implementation/SensorMP_fsl_i2s_0_wrapper.ngc>.
Reading core <..\..\InX.srcs\sources_1\edk\SensorMP\implementation/SensorMP_fsl_v20_1_i2s_mb0_wrapper.ngc>.
Reading core <..\..\InX.srcs\sources_1\edk\SensorMP\implementation/SensorMP_fsl_i2s_1_wrapper.ngc>.
Reading core <..\..\InX.srcs\sources_1\edk\SensorMP\implementation/SensorMP_microblaze_0_axi_ipc_wrapper.ngc>.
Reading core <..\..\InX.srcs\sources_1\edk\SensorMP\implementation/SensorMP_lmb_v10_1_wrapper.ngc>.
Reading core <..\..\InX.srcs\sources_1\edk\SensorMP\implementation/SensorMP_lmb_v10_0_wrapper.ngc>.
Reading core <..\..\InX.srcs\sources_1\edk\SensorMP\implementation/SensorMP_microblaze_0_axi_periph_wrapper.ngc>.
Reading core <..\..\InX.srcs\sources_1\edk\SensorMP\implementation/SensorMP_microblaze_0_wrapper.ngc>.
Reading core <..\..\InX.srcs\sources_1\edk\SensorMP\implementation/SensorMP_bram_cntlr_data_wrapper.ngc>.
Reading core <..\..\InX.srcs\sources_1\edk\SensorMP\implementation/SensorMP_bram_cntlr_instruction_wrapper.ngc>.
Reading core <..\..\InX.srcs\sources_1\edk\SensorMP\implementation/SensorMP_debug_module_0_wrapper.ngc>.
Reading core <..\..\InX.srcs\sources_1\edk\SensorMP\implementation/SensorMP_axi_timer_0_wrapper.ngc>.
Reading core <..\..\InX.srcs\sources_1\edk\SensorMP\implementation/SensorMP_bram_block_0_wrapper.ngc>.
Loading core <SensorMP_processing_system7_0_wrapper> for timing and area information for instance <processing_system7_0>.
Loading core <SensorMP_microblaze_0_reset_wrapper> for timing and area information for instance <microblaze_0_reset>.
Loading core <SensorMP_clock_generator_0_wrapper> for timing and area information for instance <clock_generator_0>.
Loading core <SensorMP_fsl_v20_0_i2s_mb0_wrapper> for timing and area information for instance <fsl_v20_0_i2s_mb0>.
Loading core <SensorMP_fsl_i2s_0_wrapper> for timing and area information for instance <fsl_i2s_0>.
Loading core <SensorMP_fsl_v20_1_i2s_mb0_wrapper> for timing and area information for instance <fsl_v20_1_i2s_mb0>.
Loading core <SensorMP_fsl_i2s_1_wrapper> for timing and area information for instance <fsl_i2s_1>.
Loading core <SensorMP_microblaze_0_axi_ipc_wrapper> for timing and area information for instance <microblaze_0_axi_ipc>.
Loading core <SensorMP_lmb_v10_1_wrapper> for timing and area information for instance <lmb_v10_1>.
Loading core <SensorMP_lmb_v10_0_wrapper> for timing and area information for instance <lmb_v10_0>.
Loading core <SensorMP_microblaze_0_axi_periph_wrapper> for timing and area information for instance <microblaze_0_axi_periph>.
Loading core <SensorMP_microblaze_0_wrapper> for timing and area information for instance <microblaze_0>.
Loading core <SensorMP_bram_cntlr_data_wrapper> for timing and area information for instance <bram_cntlr_data>.
Loading core <SensorMP_bram_cntlr_instruction_wrapper> for timing and area information for instance <bram_cntlr_instruction>.
Loading core <SensorMP_debug_module_0_wrapper> for timing and area information for instance <debug_module_0>.
Loading core <SensorMP_axi_timer_0_wrapper> for timing and area information for instance <axi_timer_0>.
Loading core <SensorMP_bram_block_0_wrapper> for timing and area information for instance <bram_block_0>.
Loading core <SensorMP> for timing and area information for instance <SensorMP_i>.
INFO:Xst:1901 - Instance microblaze_0/MicroBlaze_Core_I/Performance.Using_DCache.Using_WriteThrough.DCache_I1/DATA_RAM_Module/Using_B16_S36.Using_RAMB36.The_BRAMs[0].RAMB36_I1 in unit microblaze_0/MicroBlaze_Core_I/Performance.Using_DCache.Using_WriteThrough.DCache_I1/DATA_RAM_Module/Using_B16_S36.Using_RAMB36.The_BRAMs[0].RAMB36_I1 of type RAMB36 has been replaced by RAMB36E1

=========================================================================
Advanced HDL Synthesis Report

Found no macro
=========================================================================

=========================================================================
*                         Low Level Synthesis                           *
=========================================================================

WARNING:Xst:528 - Multi-source in Unit <processing_system7_0> on signal <PS_SRSTB>; this signal is connected to multiple drivers.
Drivers are: 
   Primary input port <processing_system7_0_PS_SRSTB_pin>
   Output port PS7:PSSRSTB of instance <SensorMP_i/processing_system7_0/processing_system7_0/PS7_i>

WARNING:Xst:528 - Multi-source in Unit <processing_system7_0> on signal <PS_CLK>; this signal is connected to multiple drivers.
Drivers are: 
   Primary input port <processing_system7_0_PS_CLK_pin>
   Output port PS7:PSCLK of instance <SensorMP_i/processing_system7_0/processing_system7_0/PS7_i>

WARNING:Xst:528 - Multi-source in Unit <processing_system7_0> on signal <PS_PORB>; this signal is connected to multiple drivers.
Drivers are: 
   Primary input port <processing_system7_0_PS_PORB_pin>
   Output port PS7:PSPORB of instance <SensorMP_i/processing_system7_0/processing_system7_0/PS7_i>

Optimizing unit <SensorMP_stub> ...

Mapping all equations...
Building and optimizing final netlist ...
Found area constraint ratio of 100 (+ 0) on block SensorMP_stub, actual ratio is 9.
INFO:Xst:2260 - The FF/Latch <fsl_v20_0_i2s_mb0/Using_FIFO.Async_FIFO_Gen.Use_Data.Use_BRAM0.Async_FIFO_BRAM_I1/empty> in Unit <fsl_v20_0_i2s_mb0> is equivalent to the following 2 FFs/Latches : <fsl_v20_0_i2s_mb0/Using_FIFO.Async_FIFO_Gen.Use_Data.Use_BRAM0.Async_FIFO_BRAM_I1/empty_1> <fsl_v20_0_i2s_mb0/Using_FIFO.Async_FIFO_Gen.Use_Data.Use_BRAM0.Async_FIFO_BRAM_I1/empty_2> 
INFO:Xst:2260 - The FF/Latch <fsl_v20_1_i2s_mb0/Using_FIFO.Async_FIFO_Gen.Use_Data.Use_BRAM0.Async_FIFO_BRAM_I1/empty> in Unit <fsl_v20_1_i2s_mb0> is equivalent to the following 2 FFs/Latches : <fsl_v20_1_i2s_mb0/Using_FIFO.Async_FIFO_Gen.Use_Data.Use_BRAM0.Async_FIFO_BRAM_I1/empty_1> <fsl_v20_1_i2s_mb0/Using_FIFO.Async_FIFO_Gen.Use_Data.Use_BRAM0.Async_FIFO_BRAM_I1/empty_2> 
INFO:Xst:2260 - The FF/Latch <U0/xst_fifo_generator/gconvfifo.rf/grf.rf/rstblk/ngwrdrst.grst.rd_rst_reg_2> in Unit <microblaze_0_axi_ipc/mi_protocol_conv_bank/gen_protocol_slot[0].gen_prot_conv.conv_inst/gen_axi3.axi3_conv_inst/USE_WRITE.write_addr_inst/USE_B_CHANNEL.cmd_b_queue/inst/fifo_gen_inst> is equivalent to the following FF/Latch : <U0/xst_fifo_generator/gconvfifo.rf/grf.rf/rstblk/ngwrdrst.grst.rd_rst_reg_0> 
INFO:Xst:2260 - The FF/Latch <U0/xst_fifo_generator/gconvfifo.rf/grf.rf/gntv_or_sync_fifo.gl0.wr/gwss.wsts/ram_full_i> in Unit <microblaze_0_axi_ipc/mi_protocol_conv_bank/gen_protocol_slot[0].gen_prot_conv.conv_inst/gen_axi3.axi3_conv_inst/USE_WRITE.write_addr_inst/USE_B_CHANNEL.cmd_b_queue/inst/fifo_gen_inst> is equivalent to the following FF/Latch : <U0/xst_fifo_generator/gconvfifo.rf/grf.rf/gntv_or_sync_fifo.gl0.wr/gwss.wsts/ram_full_fb_i> 
INFO:Xst:2260 - The FF/Latch <U0/xst_fifo_generator/gconvfifo.rf/grf.rf/gntv_or_sync_fifo.gl0.rd/gr1.rfwft/empty_fwft_i> in Unit <microblaze_0_axi_ipc/mi_protocol_conv_bank/gen_protocol_slot[0].gen_prot_conv.conv_inst/gen_axi3.axi3_conv_inst/USE_WRITE.write_addr_inst/USE_B_CHANNEL.cmd_b_queue/inst/fifo_gen_inst> is equivalent to the following FF/Latch : <U0/xst_fifo_generator/gconvfifo.rf/grf.rf/gntv_or_sync_fifo.gl0.rd/gr1.rfwft/empty_fwft_fb> 
INFO:Xst:2260 - The FF/Latch <U0/xst_fifo_generator/gconvfifo.rf/grf.rf/rstblk/ngwrdrst.grst.rd_rst_reg_2> in Unit <microblaze_0_axi_ipc/mi_protocol_conv_bank/gen_protocol_slot[0].gen_prot_conv.conv_inst/gen_axi3.axi3_conv_inst/USE_WRITE.write_addr_inst/USE_BURSTS.cmd_queue/inst/fifo_gen_inst> is equivalent to the following FF/Latch : <U0/xst_fifo_generator/gconvfifo.rf/grf.rf/rstblk/ngwrdrst.grst.rd_rst_reg_0> 
INFO:Xst:2260 - The FF/Latch <U0/xst_fifo_generator/gconvfifo.rf/grf.rf/gntv_or_sync_fifo.gl0.wr/gwss.wsts/ram_full_i> in Unit <microblaze_0_axi_ipc/mi_protocol_conv_bank/gen_protocol_slot[0].gen_prot_conv.conv_inst/gen_axi3.axi3_conv_inst/USE_WRITE.write_addr_inst/USE_BURSTS.cmd_queue/inst/fifo_gen_inst> is equivalent to the following FF/Latch : <U0/xst_fifo_generator/gconvfifo.rf/grf.rf/gntv_or_sync_fifo.gl0.wr/gwss.wsts/ram_full_fb_i> 
INFO:Xst:2260 - The FF/Latch <U0/xst_fifo_generator/gconvfifo.rf/grf.rf/gntv_or_sync_fifo.gl0.rd/gr1.rfwft/empty_fwft_i> in Unit <microblaze_0_axi_ipc/mi_protocol_conv_bank/gen_protocol_slot[0].gen_prot_conv.conv_inst/gen_axi3.axi3_conv_inst/USE_WRITE.write_addr_inst/USE_BURSTS.cmd_queue/inst/fifo_gen_inst> is equivalent to the following FF/Latch : <U0/xst_fifo_generator/gconvfifo.rf/grf.rf/gntv_or_sync_fifo.gl0.rd/gr1.rfwft/empty_fwft_fb> 
INFO:Xst:2260 - The FF/Latch <U0/xst_fifo_generator/gconvfifo.rf/grf.rf/rstblk/ngwrdrst.grst.rd_rst_reg_2> in Unit <microblaze_0_axi_ipc/mi_protocol_conv_bank/gen_protocol_slot[0].gen_prot_conv.conv_inst/gen_axi3.axi3_conv_inst/USE_READ.USE_SPLIT.read_addr_inst/USE_R_CHANNEL.cmd_queue/inst/fifo_gen_inst> is equivalent to the following FF/Latch : <U0/xst_fifo_generator/gconvfifo.rf/grf.rf/rstblk/ngwrdrst.grst.rd_rst_reg_0> 
INFO:Xst:2260 - The FF/Latch <U0/xst_fifo_generator/gconvfifo.rf/grf.rf/gntv_or_sync_fifo.gl0.wr/gwss.wsts/ram_full_i> in Unit <microblaze_0_axi_ipc/mi_protocol_conv_bank/gen_protocol_slot[0].gen_prot_conv.conv_inst/gen_axi3.axi3_conv_inst/USE_READ.USE_SPLIT.read_addr_inst/USE_R_CHANNEL.cmd_queue/inst/fifo_gen_inst> is equivalent to the following FF/Latch : <U0/xst_fifo_generator/gconvfifo.rf/grf.rf/gntv_or_sync_fifo.gl0.wr/gwss.wsts/ram_full_fb_i> 
INFO:Xst:2260 - The FF/Latch <U0/xst_fifo_generator/gconvfifo.rf/grf.rf/gntv_or_sync_fifo.gl0.rd/gr1.rfwft/empty_fwft_i> in Unit <microblaze_0_axi_ipc/mi_protocol_conv_bank/gen_protocol_slot[0].gen_prot_conv.conv_inst/gen_axi3.axi3_conv_inst/USE_READ.USE_SPLIT.read_addr_inst/USE_R_CHANNEL.cmd_queue/inst/fifo_gen_inst> is equivalent to the following FF/Latch : <U0/xst_fifo_generator/gconvfifo.rf/grf.rf/gntv_or_sync_fifo.gl0.rd/gr1.rfwft/empty_fwft_fb> 
INFO:Xst:2260 - The FF/Latch <U0/xst_fifo_generator/gconvfifo.rf/grf.rf/rstblk/ngwrdrst.grst.rd_rst_reg_2> in Unit <microblaze_0_axi_periph/mi_protocol_conv_bank/gen_protocol_slot[0].gen_prot_conv.conv_inst/gen_axi3.axi3_conv_inst/USE_WRITE.write_addr_inst/USE_B_CHANNEL.cmd_b_queue/inst/fifo_gen_inst> is equivalent to the following FF/Latch : <U0/xst_fifo_generator/gconvfifo.rf/grf.rf/rstblk/ngwrdrst.grst.rd_rst_reg_0> 
INFO:Xst:2260 - The FF/Latch <U0/xst_fifo_generator/gconvfifo.rf/grf.rf/gntv_or_sync_fifo.gl0.wr/gwss.wsts/ram_full_i> in Unit <microblaze_0_axi_periph/mi_protocol_conv_bank/gen_protocol_slot[0].gen_prot_conv.conv_inst/gen_axi3.axi3_conv_inst/USE_WRITE.write_addr_inst/USE_B_CHANNEL.cmd_b_queue/inst/fifo_gen_inst> is equivalent to the following FF/Latch : <U0/xst_fifo_generator/gconvfifo.rf/grf.rf/gntv_or_sync_fifo.gl0.wr/gwss.wsts/ram_full_fb_i> 
INFO:Xst:2260 - The FF/Latch <U0/xst_fifo_generator/gconvfifo.rf/grf.rf/gntv_or_sync_fifo.gl0.rd/gr1.rfwft/empty_fwft_i> in Unit <microblaze_0_axi_periph/mi_protocol_conv_bank/gen_protocol_slot[0].gen_prot_conv.conv_inst/gen_axi3.axi3_conv_inst/USE_WRITE.write_addr_inst/USE_B_CHANNEL.cmd_b_queue/inst/fifo_gen_inst> is equivalent to the following FF/Latch : <U0/xst_fifo_generator/gconvfifo.rf/grf.rf/gntv_or_sync_fifo.gl0.rd/gr1.rfwft/empty_fwft_fb> 
INFO:Xst:2260 - The FF/Latch <U0/xst_fifo_generator/gconvfifo.rf/grf.rf/rstblk/ngwrdrst.grst.rd_rst_reg_2> in Unit <microblaze_0_axi_periph/mi_protocol_conv_bank/gen_protocol_slot[0].gen_prot_conv.conv_inst/gen_axi3.axi3_conv_inst/USE_WRITE.write_addr_inst/USE_BURSTS.cmd_queue/inst/fifo_gen_inst> is equivalent to the following FF/Latch : <U0/xst_fifo_generator/gconvfifo.rf/grf.rf/rstblk/ngwrdrst.grst.rd_rst_reg_0> 
INFO:Xst:2260 - The FF/Latch <U0/xst_fifo_generator/gconvfifo.rf/grf.rf/gntv_or_sync_fifo.gl0.wr/gwss.wsts/ram_full_i> in Unit <microblaze_0_axi_periph/mi_protocol_conv_bank/gen_protocol_slot[0].gen_prot_conv.conv_inst/gen_axi3.axi3_conv_inst/USE_WRITE.write_addr_inst/USE_BURSTS.cmd_queue/inst/fifo_gen_inst> is equivalent to the following FF/Latch : <U0/xst_fifo_generator/gconvfifo.rf/grf.rf/gntv_or_sync_fifo.gl0.wr/gwss.wsts/ram_full_fb_i> 
INFO:Xst:2260 - The FF/Latch <U0/xst_fifo_generator/gconvfifo.rf/grf.rf/gntv_or_sync_fifo.gl0.rd/gr1.rfwft/empty_fwft_i> in Unit <microblaze_0_axi_periph/mi_protocol_conv_bank/gen_protocol_slot[0].gen_prot_conv.conv_inst/gen_axi3.axi3_conv_inst/USE_WRITE.write_addr_inst/USE_BURSTS.cmd_queue/inst/fifo_gen_inst> is equivalent to the following FF/Latch : <U0/xst_fifo_generator/gconvfifo.rf/grf.rf/gntv_or_sync_fifo.gl0.rd/gr1.rfwft/empty_fwft_fb> 
INFO:Xst:2260 - The FF/Latch <U0/xst_fifo_generator/gconvfifo.rf/grf.rf/rstblk/ngwrdrst.grst.rd_rst_reg_2> in Unit <microblaze_0_axi_periph/mi_protocol_conv_bank/gen_protocol_slot[0].gen_prot_conv.conv_inst/gen_axi3.axi3_conv_inst/USE_READ.USE_SPLIT.read_addr_inst/USE_R_CHANNEL.cmd_queue/inst/fifo_gen_inst> is equivalent to the following FF/Latch : <U0/xst_fifo_generator/gconvfifo.rf/grf.rf/rstblk/ngwrdrst.grst.rd_rst_reg_0> 
INFO:Xst:2260 - The FF/Latch <U0/xst_fifo_generator/gconvfifo.rf/grf.rf/gntv_or_sync_fifo.gl0.wr/gwss.wsts/ram_full_i> in Unit <microblaze_0_axi_periph/mi_protocol_conv_bank/gen_protocol_slot[0].gen_prot_conv.conv_inst/gen_axi3.axi3_conv_inst/USE_READ.USE_SPLIT.read_addr_inst/USE_R_CHANNEL.cmd_queue/inst/fifo_gen_inst> is equivalent to the following FF/Latch : <U0/xst_fifo_generator/gconvfifo.rf/grf.rf/gntv_or_sync_fifo.gl0.wr/gwss.wsts/ram_full_fb_i> 
INFO:Xst:2260 - The FF/Latch <U0/xst_fifo_generator/gconvfifo.rf/grf.rf/gntv_or_sync_fifo.gl0.rd/gr1.rfwft/empty_fwft_i> in Unit <microblaze_0_axi_periph/mi_protocol_conv_bank/gen_protocol_slot[0].gen_prot_conv.conv_inst/gen_axi3.axi3_conv_inst/USE_READ.USE_SPLIT.read_addr_inst/USE_R_CHANNEL.cmd_queue/inst/fifo_gen_inst> is equivalent to the following FF/Latch : <U0/xst_fifo_generator/gconvfifo.rf/grf.rf/gntv_or_sync_fifo.gl0.rd/gr1.rfwft/empty_fwft_fb> 
INFO:Xst:2260 - The FF/Latch <microblaze_0/MicroBlaze_Core_I/Performance.Decode_I/wb_exception_kind_i_31> in Unit <microblaze_0> is equivalent to the following FF/Latch : <microblaze_0/MicroBlaze_Core_I/Performance.Decode_I/wb_exception_kind_i_31_1> 
INFO:Xst:2260 - The FF/Latch <microblaze_0/MicroBlaze_Core_I/Performance.Decode_I/wb_exception_kind_i_30> in Unit <microblaze_0> is equivalent to the following FF/Latch : <microblaze_0/MicroBlaze_Core_I/Performance.Decode_I/wb_exception_kind_i_30_1> 
INFO:Xst:2260 - The FF/Latch <microblaze_0/MicroBlaze_Core_I/Performance.Decode_I/wb_exception_i> in Unit <microblaze_0> is equivalent to the following FF/Latch : <microblaze_0/MicroBlaze_Core_I/Performance.Decode_I/wb_exception_i_1> 
INFO:Xst:2260 - The FF/Latch <microblaze_0/MicroBlaze_Core_I/Performance.Decode_I/wb_exception_kind_i_29> in Unit <microblaze_0> is equivalent to the following FF/Latch : <microblaze_0/MicroBlaze_Core_I/Performance.Decode_I/wb_exception_kind_i_29_1> 
INFO:Xst:2260 - The FF/Latch <microblaze_0/MicroBlaze_Core_I/Performance.Decode_I/wb_exception_kind_i_28> in Unit <microblaze_0> is equivalent to the following FF/Latch : <microblaze_0/MicroBlaze_Core_I/Performance.Decode_I/wb_exception_kind_i_28_1> 
INFO:Xst:2260 - The FF/Latch <axi_timer_0/AXI4_LITE_I/I_SLAVE_ATTACHMENT/I_DECODER/Bus_RNW_reg> in Unit <axi_timer_0> is equivalent to the following FF/Latch : <axi_timer_0/AXI4_LITE_I/I_SLAVE_ATTACHMENT/I_DECODER/Bus_RNW_reg_1> 
INFO:Xst:2260 - The FF/Latch <axi_timer_0/TC_CORE_I/TIMER_CONTROL_I/TCSR1_GENERATE[21].TCSR1_FF_I> in Unit <axi_timer_0> is equivalent to the following FF/Latch : <axi_timer_0/TC_CORE_I/TIMER_CONTROL_I/TCSR0_GENERATE[21].TCSR0_FF_I> 
INFO:Xst:2260 - The FF/Latch <fsl_v20_0_i2s_mb0/Using_FIFO.Async_FIFO_Gen.Use_Data.Use_BRAM0.Async_FIFO_BRAM_I1/empty> in Unit <fsl_v20_0_i2s_mb0> is equivalent to the following 2 FFs/Latches : <fsl_v20_0_i2s_mb0/Using_FIFO.Async_FIFO_Gen.Use_Data.Use_BRAM0.Async_FIFO_BRAM_I1/empty_1> <fsl_v20_0_i2s_mb0/Using_FIFO.Async_FIFO_Gen.Use_Data.Use_BRAM0.Async_FIFO_BRAM_I1/empty_2> 
INFO:Xst:2260 - The FF/Latch <fsl_v20_1_i2s_mb0/Using_FIFO.Async_FIFO_Gen.Use_Data.Use_BRAM0.Async_FIFO_BRAM_I1/empty> in Unit <fsl_v20_1_i2s_mb0> is equivalent to the following 2 FFs/Latches : <fsl_v20_1_i2s_mb0/Using_FIFO.Async_FIFO_Gen.Use_Data.Use_BRAM0.Async_FIFO_BRAM_I1/empty_1> <fsl_v20_1_i2s_mb0/Using_FIFO.Async_FIFO_Gen.Use_Data.Use_BRAM0.Async_FIFO_BRAM_I1/empty_2> 
INFO:Xst:2260 - The FF/Latch <U0/xst_fifo_generator/gconvfifo.rf/grf.rf/rstblk/ngwrdrst.grst.rd_rst_reg_2> in Unit <microblaze_0_axi_ipc/mi_protocol_conv_bank/gen_protocol_slot[0].gen_prot_conv.conv_inst/gen_axi3.axi3_conv_inst/USE_WRITE.write_addr_inst/USE_B_CHANNEL.cmd_b_queue/inst/fifo_gen_inst> is equivalent to the following FF/Latch : <U0/xst_fifo_generator/gconvfifo.rf/grf.rf/rstblk/ngwrdrst.grst.rd_rst_reg_0> 
INFO:Xst:2260 - The FF/Latch <U0/xst_fifo_generator/gconvfifo.rf/grf.rf/gntv_or_sync_fifo.gl0.wr/gwss.wsts/ram_full_i> in Unit <microblaze_0_axi_ipc/mi_protocol_conv_bank/gen_protocol_slot[0].gen_prot_conv.conv_inst/gen_axi3.axi3_conv_inst/USE_WRITE.write_addr_inst/USE_B_CHANNEL.cmd_b_queue/inst/fifo_gen_inst> is equivalent to the following FF/Latch : <U0/xst_fifo_generator/gconvfifo.rf/grf.rf/gntv_or_sync_fifo.gl0.wr/gwss.wsts/ram_full_fb_i> 
INFO:Xst:2260 - The FF/Latch <U0/xst_fifo_generator/gconvfifo.rf/grf.rf/gntv_or_sync_fifo.gl0.rd/gr1.rfwft/empty_fwft_i> in Unit <microblaze_0_axi_ipc/mi_protocol_conv_bank/gen_protocol_slot[0].gen_prot_conv.conv_inst/gen_axi3.axi3_conv_inst/USE_WRITE.write_addr_inst/USE_B_CHANNEL.cmd_b_queue/inst/fifo_gen_inst> is equivalent to the following FF/Latch : <U0/xst_fifo_generator/gconvfifo.rf/grf.rf/gntv_or_sync_fifo.gl0.rd/gr1.rfwft/empty_fwft_fb> 
INFO:Xst:2260 - The FF/Latch <U0/xst_fifo_generator/gconvfifo.rf/grf.rf/rstblk/ngwrdrst.grst.rd_rst_reg_2> in Unit <microblaze_0_axi_ipc/mi_protocol_conv_bank/gen_protocol_slot[0].gen_prot_conv.conv_inst/gen_axi3.axi3_conv_inst/USE_WRITE.write_addr_inst/USE_BURSTS.cmd_queue/inst/fifo_gen_inst> is equivalent to the following FF/Latch : <U0/xst_fifo_generator/gconvfifo.rf/grf.rf/rstblk/ngwrdrst.grst.rd_rst_reg_0> 
INFO:Xst:2260 - The FF/Latch <U0/xst_fifo_generator/gconvfifo.rf/grf.rf/gntv_or_sync_fifo.gl0.wr/gwss.wsts/ram_full_i> in Unit <microblaze_0_axi_ipc/mi_protocol_conv_bank/gen_protocol_slot[0].gen_prot_conv.conv_inst/gen_axi3.axi3_conv_inst/USE_WRITE.write_addr_inst/USE_BURSTS.cmd_queue/inst/fifo_gen_inst> is equivalent to the following FF/Latch : <U0/xst_fifo_generator/gconvfifo.rf/grf.rf/gntv_or_sync_fifo.gl0.wr/gwss.wsts/ram_full_fb_i> 
INFO:Xst:2260 - The FF/Latch <U0/xst_fifo_generator/gconvfifo.rf/grf.rf/gntv_or_sync_fifo.gl0.rd/gr1.rfwft/empty_fwft_i> in Unit <microblaze_0_axi_ipc/mi_protocol_conv_bank/gen_protocol_slot[0].gen_prot_conv.conv_inst/gen_axi3.axi3_conv_inst/USE_WRITE.write_addr_inst/USE_BURSTS.cmd_queue/inst/fifo_gen_inst> is equivalent to the following FF/Latch : <U0/xst_fifo_generator/gconvfifo.rf/grf.rf/gntv_or_sync_fifo.gl0.rd/gr1.rfwft/empty_fwft_fb> 
INFO:Xst:2260 - The FF/Latch <U0/xst_fifo_generator/gconvfifo.rf/grf.rf/rstblk/ngwrdrst.grst.rd_rst_reg_2> in Unit <microblaze_0_axi_ipc/mi_protocol_conv_bank/gen_protocol_slot[0].gen_prot_conv.conv_inst/gen_axi3.axi3_conv_inst/USE_READ.USE_SPLIT.read_addr_inst/USE_R_CHANNEL.cmd_queue/inst/fifo_gen_inst> is equivalent to the following FF/Latch : <U0/xst_fifo_generator/gconvfifo.rf/grf.rf/rstblk/ngwrdrst.grst.rd_rst_reg_0> 
INFO:Xst:2260 - The FF/Latch <U0/xst_fifo_generator/gconvfifo.rf/grf.rf/gntv_or_sync_fifo.gl0.wr/gwss.wsts/ram_full_i> in Unit <microblaze_0_axi_ipc/mi_protocol_conv_bank/gen_protocol_slot[0].gen_prot_conv.conv_inst/gen_axi3.axi3_conv_inst/USE_READ.USE_SPLIT.read_addr_inst/USE_R_CHANNEL.cmd_queue/inst/fifo_gen_inst> is equivalent to the following FF/Latch : <U0/xst_fifo_generator/gconvfifo.rf/grf.rf/gntv_or_sync_fifo.gl0.wr/gwss.wsts/ram_full_fb_i> 
INFO:Xst:2260 - The FF/Latch <U0/xst_fifo_generator/gconvfifo.rf/grf.rf/gntv_or_sync_fifo.gl0.rd/gr1.rfwft/empty_fwft_i> in Unit <microblaze_0_axi_ipc/mi_protocol_conv_bank/gen_protocol_slot[0].gen_prot_conv.conv_inst/gen_axi3.axi3_conv_inst/USE_READ.USE_SPLIT.read_addr_inst/USE_R_CHANNEL.cmd_queue/inst/fifo_gen_inst> is equivalent to the following FF/Latch : <U0/xst_fifo_generator/gconvfifo.rf/grf.rf/gntv_or_sync_fifo.gl0.rd/gr1.rfwft/empty_fwft_fb> 
INFO:Xst:2260 - The FF/Latch <U0/xst_fifo_generator/gconvfifo.rf/grf.rf/rstblk/ngwrdrst.grst.rd_rst_reg_2> in Unit <microblaze_0_axi_periph/mi_protocol_conv_bank/gen_protocol_slot[0].gen_prot_conv.conv_inst/gen_axi3.axi3_conv_inst/USE_WRITE.write_addr_inst/USE_B_CHANNEL.cmd_b_queue/inst/fifo_gen_inst> is equivalent to the following FF/Latch : <U0/xst_fifo_generator/gconvfifo.rf/grf.rf/rstblk/ngwrdrst.grst.rd_rst_reg_0> 
INFO:Xst:2260 - The FF/Latch <U0/xst_fifo_generator/gconvfifo.rf/grf.rf/gntv_or_sync_fifo.gl0.wr/gwss.wsts/ram_full_i> in Unit <microblaze_0_axi_periph/mi_protocol_conv_bank/gen_protocol_slot[0].gen_prot_conv.conv_inst/gen_axi3.axi3_conv_inst/USE_WRITE.write_addr_inst/USE_B_CHANNEL.cmd_b_queue/inst/fifo_gen_inst> is equivalent to the following FF/Latch : <U0/xst_fifo_generator/gconvfifo.rf/grf.rf/gntv_or_sync_fifo.gl0.wr/gwss.wsts/ram_full_fb_i> 
INFO:Xst:2260 - The FF/Latch <U0/xst_fifo_generator/gconvfifo.rf/grf.rf/gntv_or_sync_fifo.gl0.rd/gr1.rfwft/empty_fwft_i> in Unit <microblaze_0_axi_periph/mi_protocol_conv_bank/gen_protocol_slot[0].gen_prot_conv.conv_inst/gen_axi3.axi3_conv_inst/USE_WRITE.write_addr_inst/USE_B_CHANNEL.cmd_b_queue/inst/fifo_gen_inst> is equivalent to the following FF/Latch : <U0/xst_fifo_generator/gconvfifo.rf/grf.rf/gntv_or_sync_fifo.gl0.rd/gr1.rfwft/empty_fwft_fb> 
INFO:Xst:2260 - The FF/Latch <U0/xst_fifo_generator/gconvfifo.rf/grf.rf/rstblk/ngwrdrst.grst.rd_rst_reg_2> in Unit <microblaze_0_axi_periph/mi_protocol_conv_bank/gen_protocol_slot[0].gen_prot_conv.conv_inst/gen_axi3.axi3_conv_inst/USE_WRITE.write_addr_inst/USE_BURSTS.cmd_queue/inst/fifo_gen_inst> is equivalent to the following FF/Latch : <U0/xst_fifo_generator/gconvfifo.rf/grf.rf/rstblk/ngwrdrst.grst.rd_rst_reg_0> 
INFO:Xst:2260 - The FF/Latch <U0/xst_fifo_generator/gconvfifo.rf/grf.rf/gntv_or_sync_fifo.gl0.wr/gwss.wsts/ram_full_i> in Unit <microblaze_0_axi_periph/mi_protocol_conv_bank/gen_protocol_slot[0].gen_prot_conv.conv_inst/gen_axi3.axi3_conv_inst/USE_WRITE.write_addr_inst/USE_BURSTS.cmd_queue/inst/fifo_gen_inst> is equivalent to the following FF/Latch : <U0/xst_fifo_generator/gconvfifo.rf/grf.rf/gntv_or_sync_fifo.gl0.wr/gwss.wsts/ram_full_fb_i> 
INFO:Xst:2260 - The FF/Latch <U0/xst_fifo_generator/gconvfifo.rf/grf.rf/gntv_or_sync_fifo.gl0.rd/gr1.rfwft/empty_fwft_i> in Unit <microblaze_0_axi_periph/mi_protocol_conv_bank/gen_protocol_slot[0].gen_prot_conv.conv_inst/gen_axi3.axi3_conv_inst/USE_WRITE.write_addr_inst/USE_BURSTS.cmd_queue/inst/fifo_gen_inst> is equivalent to the following FF/Latch : <U0/xst_fifo_generator/gconvfifo.rf/grf.rf/gntv_or_sync_fifo.gl0.rd/gr1.rfwft/empty_fwft_fb> 
INFO:Xst:2260 - The FF/Latch <U0/xst_fifo_generator/gconvfifo.rf/grf.rf/rstblk/ngwrdrst.grst.rd_rst_reg_2> in Unit <microblaze_0_axi_periph/mi_protocol_conv_bank/gen_protocol_slot[0].gen_prot_conv.conv_inst/gen_axi3.axi3_conv_inst/USE_READ.USE_SPLIT.read_addr_inst/USE_R_CHANNEL.cmd_queue/inst/fifo_gen_inst> is equivalent to the following FF/Latch : <U0/xst_fifo_generator/gconvfifo.rf/grf.rf/rstblk/ngwrdrst.grst.rd_rst_reg_0> 
INFO:Xst:2260 - The FF/Latch <U0/xst_fifo_generator/gconvfifo.rf/grf.rf/gntv_or_sync_fifo.gl0.wr/gwss.wsts/ram_full_i> in Unit <microblaze_0_axi_periph/mi_protocol_conv_bank/gen_protocol_slot[0].gen_prot_conv.conv_inst/gen_axi3.axi3_conv_inst/USE_READ.USE_SPLIT.read_addr_inst/USE_R_CHANNEL.cmd_queue/inst/fifo_gen_inst> is equivalent to the following FF/Latch : <U0/xst_fifo_generator/gconvfifo.rf/grf.rf/gntv_or_sync_fifo.gl0.wr/gwss.wsts/ram_full_fb_i> 
INFO:Xst:2260 - The FF/Latch <U0/xst_fifo_generator/gconvfifo.rf/grf.rf/gntv_or_sync_fifo.gl0.rd/gr1.rfwft/empty_fwft_i> in Unit <microblaze_0_axi_periph/mi_protocol_conv_bank/gen_protocol_slot[0].gen_prot_conv.conv_inst/gen_axi3.axi3_conv_inst/USE_READ.USE_SPLIT.read_addr_inst/USE_R_CHANNEL.cmd_queue/inst/fifo_gen_inst> is equivalent to the following FF/Latch : <U0/xst_fifo_generator/gconvfifo.rf/grf.rf/gntv_or_sync_fifo.gl0.rd/gr1.rfwft/empty_fwft_fb> 
INFO:Xst:2260 - The FF/Latch <microblaze_0/MicroBlaze_Core_I/Performance.Decode_I/wb_exception_kind_i_31> in Unit <microblaze_0> is equivalent to the following FF/Latch : <microblaze_0/MicroBlaze_Core_I/Performance.Decode_I/wb_exception_kind_i_31_1> 
INFO:Xst:2260 - The FF/Latch <microblaze_0/MicroBlaze_Core_I/Performance.Decode_I/wb_exception_kind_i_30> in Unit <microblaze_0> is equivalent to the following FF/Latch : <microblaze_0/MicroBlaze_Core_I/Performance.Decode_I/wb_exception_kind_i_30_1> 
INFO:Xst:2260 - The FF/Latch <microblaze_0/MicroBlaze_Core_I/Performance.Decode_I/wb_exception_i> in Unit <microblaze_0> is equivalent to the following FF/Latch : <microblaze_0/MicroBlaze_Core_I/Performance.Decode_I/wb_exception_i_1> 
INFO:Xst:2260 - The FF/Latch <microblaze_0/MicroBlaze_Core_I/Performance.Decode_I/wb_exception_kind_i_29> in Unit <microblaze_0> is equivalent to the following FF/Latch : <microblaze_0/MicroBlaze_Core_I/Performance.Decode_I/wb_exception_kind_i_29_1> 
INFO:Xst:2260 - The FF/Latch <microblaze_0/MicroBlaze_Core_I/Performance.Decode_I/wb_exception_kind_i_28> in Unit <microblaze_0> is equivalent to the following FF/Latch : <microblaze_0/MicroBlaze_Core_I/Performance.Decode_I/wb_exception_kind_i_28_1> 
INFO:Xst:2260 - The FF/Latch <axi_timer_0/AXI4_LITE_I/I_SLAVE_ATTACHMENT/I_DECODER/Bus_RNW_reg> in Unit <axi_timer_0> is equivalent to the following FF/Latch : <axi_timer_0/AXI4_LITE_I/I_SLAVE_ATTACHMENT/I_DECODER/Bus_RNW_reg_1> 
INFO:Xst:2260 - The FF/Latch <axi_timer_0/TC_CORE_I/TIMER_CONTROL_I/TCSR1_GENERATE[21].TCSR1_FF_I> in Unit <axi_timer_0> is equivalent to the following FF/Latch : <axi_timer_0/TC_CORE_I/TIMER_CONTROL_I/TCSR0_GENERATE[21].TCSR0_FF_I> 
INFO:Xst:2260 - The FF/Latch <fsl_v20_0_i2s_mb0/Using_FIFO.Async_FIFO_Gen.Use_Data.Use_BRAM0.Async_FIFO_BRAM_I1/empty> in Unit <fsl_v20_0_i2s_mb0> is equivalent to the following 2 FFs/Latches : <fsl_v20_0_i2s_mb0/Using_FIFO.Async_FIFO_Gen.Use_Data.Use_BRAM0.Async_FIFO_BRAM_I1/empty_1> <fsl_v20_0_i2s_mb0/Using_FIFO.Async_FIFO_Gen.Use_Data.Use_BRAM0.Async_FIFO_BRAM_I1/empty_2> 
INFO:Xst:2260 - The FF/Latch <fsl_v20_1_i2s_mb0/Using_FIFO.Async_FIFO_Gen.Use_Data.Use_BRAM0.Async_FIFO_BRAM_I1/empty> in Unit <fsl_v20_1_i2s_mb0> is equivalent to the following 2 FFs/Latches : <fsl_v20_1_i2s_mb0/Using_FIFO.Async_FIFO_Gen.Use_Data.Use_BRAM0.Async_FIFO_BRAM_I1/empty_1> <fsl_v20_1_i2s_mb0/Using_FIFO.Async_FIFO_Gen.Use_Data.Use_BRAM0.Async_FIFO_BRAM_I1/empty_2> 
INFO:Xst:2260 - The FF/Latch <U0/xst_fifo_generator/gconvfifo.rf/grf.rf/rstblk/ngwrdrst.grst.rd_rst_reg_2> in Unit <microblaze_0_axi_ipc/mi_protocol_conv_bank/gen_protocol_slot[0].gen_prot_conv.conv_inst/gen_axi3.axi3_conv_inst/USE_WRITE.write_addr_inst/USE_B_CHANNEL.cmd_b_queue/inst/fifo_gen_inst> is equivalent to the following FF/Latch : <U0/xst_fifo_generator/gconvfifo.rf/grf.rf/rstblk/ngwrdrst.grst.rd_rst_reg_0> 
INFO:Xst:2260 - The FF/Latch <U0/xst_fifo_generator/gconvfifo.rf/grf.rf/gntv_or_sync_fifo.gl0.wr/gwss.wsts/ram_full_i> in Unit <microblaze_0_axi_ipc/mi_protocol_conv_bank/gen_protocol_slot[0].gen_prot_conv.conv_inst/gen_axi3.axi3_conv_inst/USE_WRITE.write_addr_inst/USE_B_CHANNEL.cmd_b_queue/inst/fifo_gen_inst> is equivalent to the following FF/Latch : <U0/xst_fifo_generator/gconvfifo.rf/grf.rf/gntv_or_sync_fifo.gl0.wr/gwss.wsts/ram_full_fb_i> 
INFO:Xst:2260 - The FF/Latch <U0/xst_fifo_generator/gconvfifo.rf/grf.rf/gntv_or_sync_fifo.gl0.rd/gr1.rfwft/empty_fwft_i> in Unit <microblaze_0_axi_ipc/mi_protocol_conv_bank/gen_protocol_slot[0].gen_prot_conv.conv_inst/gen_axi3.axi3_conv_inst/USE_WRITE.write_addr_inst/USE_B_CHANNEL.cmd_b_queue/inst/fifo_gen_inst> is equivalent to the following FF/Latch : <U0/xst_fifo_generator/gconvfifo.rf/grf.rf/gntv_or_sync_fifo.gl0.rd/gr1.rfwft/empty_fwft_fb> 
INFO:Xst:2260 - The FF/Latch <U0/xst_fifo_generator/gconvfifo.rf/grf.rf/rstblk/ngwrdrst.grst.rd_rst_reg_2> in Unit <microblaze_0_axi_ipc/mi_protocol_conv_bank/gen_protocol_slot[0].gen_prot_conv.conv_inst/gen_axi3.axi3_conv_inst/USE_WRITE.write_addr_inst/USE_BURSTS.cmd_queue/inst/fifo_gen_inst> is equivalent to the following FF/Latch : <U0/xst_fifo_generator/gconvfifo.rf/grf.rf/rstblk/ngwrdrst.grst.rd_rst_reg_0> 
INFO:Xst:2260 - The FF/Latch <U0/xst_fifo_generator/gconvfifo.rf/grf.rf/gntv_or_sync_fifo.gl0.wr/gwss.wsts/ram_full_i> in Unit <microblaze_0_axi_ipc/mi_protocol_conv_bank/gen_protocol_slot[0].gen_prot_conv.conv_inst/gen_axi3.axi3_conv_inst/USE_WRITE.write_addr_inst/USE_BURSTS.cmd_queue/inst/fifo_gen_inst> is equivalent to the following FF/Latch : <U0/xst_fifo_generator/gconvfifo.rf/grf.rf/gntv_or_sync_fifo.gl0.wr/gwss.wsts/ram_full_fb_i> 
INFO:Xst:2260 - The FF/Latch <U0/xst_fifo_generator/gconvfifo.rf/grf.rf/gntv_or_sync_fifo.gl0.rd/gr1.rfwft/empty_fwft_i> in Unit <microblaze_0_axi_ipc/mi_protocol_conv_bank/gen_protocol_slot[0].gen_prot_conv.conv_inst/gen_axi3.axi3_conv_inst/USE_WRITE.write_addr_inst/USE_BURSTS.cmd_queue/inst/fifo_gen_inst> is equivalent to the following FF/Latch : <U0/xst_fifo_generator/gconvfifo.rf/grf.rf/gntv_or_sync_fifo.gl0.rd/gr1.rfwft/empty_fwft_fb> 
INFO:Xst:2260 - The FF/Latch <U0/xst_fifo_generator/gconvfifo.rf/grf.rf/rstblk/ngwrdrst.grst.rd_rst_reg_2> in Unit <microblaze_0_axi_ipc/mi_protocol_conv_bank/gen_protocol_slot[0].gen_prot_conv.conv_inst/gen_axi3.axi3_conv_inst/USE_READ.USE_SPLIT.read_addr_inst/USE_R_CHANNEL.cmd_queue/inst/fifo_gen_inst> is equivalent to the following FF/Latch : <U0/xst_fifo_generator/gconvfifo.rf/grf.rf/rstblk/ngwrdrst.grst.rd_rst_reg_0> 
INFO:Xst:2260 - The FF/Latch <U0/xst_fifo_generator/gconvfifo.rf/grf.rf/gntv_or_sync_fifo.gl0.wr/gwss.wsts/ram_full_i> in Unit <microblaze_0_axi_ipc/mi_protocol_conv_bank/gen_protocol_slot[0].gen_prot_conv.conv_inst/gen_axi3.axi3_conv_inst/USE_READ.USE_SPLIT.read_addr_inst/USE_R_CHANNEL.cmd_queue/inst/fifo_gen_inst> is equivalent to the following FF/Latch : <U0/xst_fifo_generator/gconvfifo.rf/grf.rf/gntv_or_sync_fifo.gl0.wr/gwss.wsts/ram_full_fb_i> 
INFO:Xst:2260 - The FF/Latch <U0/xst_fifo_generator/gconvfifo.rf/grf.rf/gntv_or_sync_fifo.gl0.rd/gr1.rfwft/empty_fwft_i> in Unit <microblaze_0_axi_ipc/mi_protocol_conv_bank/gen_protocol_slot[0].gen_prot_conv.conv_inst/gen_axi3.axi3_conv_inst/USE_READ.USE_SPLIT.read_addr_inst/USE_R_CHANNEL.cmd_queue/inst/fifo_gen_inst> is equivalent to the following FF/Latch : <U0/xst_fifo_generator/gconvfifo.rf/grf.rf/gntv_or_sync_fifo.gl0.rd/gr1.rfwft/empty_fwft_fb> 
INFO:Xst:2260 - The FF/Latch <U0/xst_fifo_generator/gconvfifo.rf/grf.rf/gntv_or_sync_fifo.gl0.rd/gr1.rfwft/empty_fwft_i> in Unit <microblaze_0_axi_ipc/mi_protocol_conv_bank/gen_protocol_slot[0].gen_prot_conv.conv_inst/gen_axi3.axi3_conv_inst/USE_WRITE.write_addr_inst/USE_B_CHANNEL.cmd_b_queue/inst/fifo_gen_inst> is equivalent to the following FF/Latch : <U0/xst_fifo_generator/gconvfifo.rf/grf.rf/gntv_or_sync_fifo.gl0.rd/gr1.rfwft/empty_fwft_fb> 
INFO:Xst:2260 - The FF/Latch <U0/xst_fifo_generator/gconvfifo.rf/grf.rf/rstblk/ngwrdrst.grst.rd_rst_reg_2> in Unit <microblaze_0_axi_ipc/mi_protocol_conv_bank/gen_protocol_slot[0].gen_prot_conv.conv_inst/gen_axi3.axi3_conv_inst/USE_WRITE.write_addr_inst/USE_B_CHANNEL.cmd_b_queue/inst/fifo_gen_inst> is equivalent to the following FF/Latch : <U0/xst_fifo_generator/gconvfifo.rf/grf.rf/rstblk/ngwrdrst.grst.rd_rst_reg_0> 
INFO:Xst:2260 - The FF/Latch <U0/xst_fifo_generator/gconvfifo.rf/grf.rf/gntv_or_sync_fifo.gl0.wr/gwss.wsts/ram_full_i> in Unit <microblaze_0_axi_ipc/mi_protocol_conv_bank/gen_protocol_slot[0].gen_prot_conv.conv_inst/gen_axi3.axi3_conv_inst/USE_WRITE.write_addr_inst/USE_B_CHANNEL.cmd_b_queue/inst/fifo_gen_inst> is equivalent to the following FF/Latch : <U0/xst_fifo_generator/gconvfifo.rf/grf.rf/gntv_or_sync_fifo.gl0.wr/gwss.wsts/ram_full_fb_i> 
INFO:Xst:2260 - The FF/Latch <U0/xst_fifo_generator/gconvfifo.rf/grf.rf/gntv_or_sync_fifo.gl0.rd/gr1.rfwft/empty_fwft_i> in Unit <microblaze_0_axi_ipc/mi_protocol_conv_bank/gen_protocol_slot[0].gen_prot_conv.conv_inst/gen_axi3.axi3_conv_inst/USE_WRITE.write_addr_inst/USE_BURSTS.cmd_queue/inst/fifo_gen_inst> is equivalent to the following FF/Latch : <U0/xst_fifo_generator/gconvfifo.rf/grf.rf/gntv_or_sync_fifo.gl0.rd/gr1.rfwft/empty_fwft_fb> 
INFO:Xst:2260 - The FF/Latch <U0/xst_fifo_generator/gconvfifo.rf/grf.rf/rstblk/ngwrdrst.grst.rd_rst_reg_2> in Unit <microblaze_0_axi_ipc/mi_protocol_conv_bank/gen_protocol_slot[0].gen_prot_conv.conv_inst/gen_axi3.axi3_conv_inst/USE_WRITE.write_addr_inst/USE_BURSTS.cmd_queue/inst/fifo_gen_inst> is equivalent to the following FF/Latch : <U0/xst_fifo_generator/gconvfifo.rf/grf.rf/rstblk/ngwrdrst.grst.rd_rst_reg_0> 
INFO:Xst:2260 - The FF/Latch <U0/xst_fifo_generator/gconvfifo.rf/grf.rf/gntv_or_sync_fifo.gl0.wr/gwss.wsts/ram_full_i> in Unit <microblaze_0_axi_ipc/mi_protocol_conv_bank/gen_protocol_slot[0].gen_prot_conv.conv_inst/gen_axi3.axi3_conv_inst/USE_WRITE.write_addr_inst/USE_BURSTS.cmd_queue/inst/fifo_gen_inst> is equivalent to the following FF/Latch : <U0/xst_fifo_generator/gconvfifo.rf/grf.rf/gntv_or_sync_fifo.gl0.wr/gwss.wsts/ram_full_fb_i> 
INFO:Xst:2260 - The FF/Latch <U0/xst_fifo_generator/gconvfifo.rf/grf.rf/gntv_or_sync_fifo.gl0.rd/gr1.rfwft/empty_fwft_i> in Unit <microblaze_0_axi_ipc/mi_protocol_conv_bank/gen_protocol_slot[0].gen_prot_conv.conv_inst/gen_axi3.axi3_conv_inst/USE_READ.USE_SPLIT.read_addr_inst/USE_R_CHANNEL.cmd_queue/inst/fifo_gen_inst> is equivalent to the following FF/Latch : <U0/xst_fifo_generator/gconvfifo.rf/grf.rf/gntv_or_sync_fifo.gl0.rd/gr1.rfwft/empty_fwft_fb> 
INFO:Xst:2260 - The FF/Latch <U0/xst_fifo_generator/gconvfifo.rf/grf.rf/rstblk/ngwrdrst.grst.rd_rst_reg_2> in Unit <microblaze_0_axi_ipc/mi_protocol_conv_bank/gen_protocol_slot[0].gen_prot_conv.conv_inst/gen_axi3.axi3_conv_inst/USE_READ.USE_SPLIT.read_addr_inst/USE_R_CHANNEL.cmd_queue/inst/fifo_gen_inst> is equivalent to the following FF/Latch : <U0/xst_fifo_generator/gconvfifo.rf/grf.rf/rstblk/ngwrdrst.grst.rd_rst_reg_0> 
INFO:Xst:2260 - The FF/Latch <U0/xst_fifo_generator/gconvfifo.rf/grf.rf/gntv_or_sync_fifo.gl0.wr/gwss.wsts/ram_full_i> in Unit <microblaze_0_axi_ipc/mi_protocol_conv_bank/gen_protocol_slot[0].gen_prot_conv.conv_inst/gen_axi3.axi3_conv_inst/USE_READ.USE_SPLIT.read_addr_inst/USE_R_CHANNEL.cmd_queue/inst/fifo_gen_inst> is equivalent to the following FF/Latch : <U0/xst_fifo_generator/gconvfifo.rf/grf.rf/gntv_or_sync_fifo.gl0.wr/gwss.wsts/ram_full_fb_i> 
INFO:Xst:2260 - The FF/Latch <U0/xst_fifo_generator/gconvfifo.rf/grf.rf/gntv_or_sync_fifo.gl0.rd/gr1.rfwft/empty_fwft_i> in Unit <microblaze_0_axi_periph/mi_protocol_conv_bank/gen_protocol_slot[0].gen_prot_conv.conv_inst/gen_axi3.axi3_conv_inst/USE_WRITE.write_addr_inst/USE_B_CHANNEL.cmd_b_queue/inst/fifo_gen_inst> is equivalent to the following FF/Latch : <U0/xst_fifo_generator/gconvfifo.rf/grf.rf/gntv_or_sync_fifo.gl0.rd/gr1.rfwft/empty_fwft_fb> 
INFO:Xst:2260 - The FF/Latch <U0/xst_fifo_generator/gconvfifo.rf/grf.rf/rstblk/ngwrdrst.grst.rd_rst_reg_2> in Unit <microblaze_0_axi_periph/mi_protocol_conv_bank/gen_protocol_slot[0].gen_prot_conv.conv_inst/gen_axi3.axi3_conv_inst/USE_WRITE.write_addr_inst/USE_B_CHANNEL.cmd_b_queue/inst/fifo_gen_inst> is equivalent to the following FF/Latch : <U0/xst_fifo_generator/gconvfifo.rf/grf.rf/rstblk/ngwrdrst.grst.rd_rst_reg_0> 
INFO:Xst:2260 - The FF/Latch <U0/xst_fifo_generator/gconvfifo.rf/grf.rf/gntv_or_sync_fifo.gl0.wr/gwss.wsts/ram_full_i> in Unit <microblaze_0_axi_periph/mi_protocol_conv_bank/gen_protocol_slot[0].gen_prot_conv.conv_inst/gen_axi3.axi3_conv_inst/USE_WRITE.write_addr_inst/USE_B_CHANNEL.cmd_b_queue/inst/fifo_gen_inst> is equivalent to the following FF/Latch : <U0/xst_fifo_generator/gconvfifo.rf/grf.rf/gntv_or_sync_fifo.gl0.wr/gwss.wsts/ram_full_fb_i> 
INFO:Xst:2260 - The FF/Latch <U0/xst_fifo_generator/gconvfifo.rf/grf.rf/gntv_or_sync_fifo.gl0.rd/gr1.rfwft/empty_fwft_i> in Unit <microblaze_0_axi_periph/mi_protocol_conv_bank/gen_protocol_slot[0].gen_prot_conv.conv_inst/gen_axi3.axi3_conv_inst/USE_WRITE.write_addr_inst/USE_BURSTS.cmd_queue/inst/fifo_gen_inst> is equivalent to the following FF/Latch : <U0/xst_fifo_generator/gconvfifo.rf/grf.rf/gntv_or_sync_fifo.gl0.rd/gr1.rfwft/empty_fwft_fb> 
INFO:Xst:2260 - The FF/Latch <U0/xst_fifo_generator/gconvfifo.rf/grf.rf/rstblk/ngwrdrst.grst.rd_rst_reg_2> in Unit <microblaze_0_axi_periph/mi_protocol_conv_bank/gen_protocol_slot[0].gen_prot_conv.conv_inst/gen_axi3.axi3_conv_inst/USE_WRITE.write_addr_inst/USE_BURSTS.cmd_queue/inst/fifo_gen_inst> is equivalent to the following FF/Latch : <U0/xst_fifo_generator/gconvfifo.rf/grf.rf/rstblk/ngwrdrst.grst.rd_rst_reg_0> 
INFO:Xst:2260 - The FF/Latch <U0/xst_fifo_generator/gconvfifo.rf/grf.rf/gntv_or_sync_fifo.gl0.wr/gwss.wsts/ram_full_i> in Unit <microblaze_0_axi_periph/mi_protocol_conv_bank/gen_protocol_slot[0].gen_prot_conv.conv_inst/gen_axi3.axi3_conv_inst/USE_WRITE.write_addr_inst/USE_BURSTS.cmd_queue/inst/fifo_gen_inst> is equivalent to the following FF/Latch : <U0/xst_fifo_generator/gconvfifo.rf/grf.rf/gntv_or_sync_fifo.gl0.wr/gwss.wsts/ram_full_fb_i> 
INFO:Xst:2260 - The FF/Latch <U0/xst_fifo_generator/gconvfifo.rf/grf.rf/gntv_or_sync_fifo.gl0.rd/gr1.rfwft/empty_fwft_i> in Unit <microblaze_0_axi_periph/mi_protocol_conv_bank/gen_protocol_slot[0].gen_prot_conv.conv_inst/gen_axi3.axi3_conv_inst/USE_READ.USE_SPLIT.read_addr_inst/USE_R_CHANNEL.cmd_queue/inst/fifo_gen_inst> is equivalent to the following FF/Latch : <U0/xst_fifo_generator/gconvfifo.rf/grf.rf/gntv_or_sync_fifo.gl0.rd/gr1.rfwft/empty_fwft_fb> 
INFO:Xst:2260 - The FF/Latch <U0/xst_fifo_generator/gconvfifo.rf/grf.rf/rstblk/ngwrdrst.grst.rd_rst_reg_2> in Unit <microblaze_0_axi_periph/mi_protocol_conv_bank/gen_protocol_slot[0].gen_prot_conv.conv_inst/gen_axi3.axi3_conv_inst/USE_READ.USE_SPLIT.read_addr_inst/USE_R_CHANNEL.cmd_queue/inst/fifo_gen_inst> is equivalent to the following FF/Latch : <U0/xst_fifo_generator/gconvfifo.rf/grf.rf/rstblk/ngwrdrst.grst.rd_rst_reg_0> 
INFO:Xst:2260 - The FF/Latch <U0/xst_fifo_generator/gconvfifo.rf/grf.rf/gntv_or_sync_fifo.gl0.wr/gwss.wsts/ram_full_i> in Unit <microblaze_0_axi_periph/mi_protocol_conv_bank/gen_protocol_slot[0].gen_prot_conv.conv_inst/gen_axi3.axi3_conv_inst/USE_READ.USE_SPLIT.read_addr_inst/USE_R_CHANNEL.cmd_queue/inst/fifo_gen_inst> is equivalent to the following FF/Latch : <U0/xst_fifo_generator/gconvfifo.rf/grf.rf/gntv_or_sync_fifo.gl0.wr/gwss.wsts/ram_full_fb_i> 
INFO:Xst:2260 - The FF/Latch <U0/xst_fifo_generator/gconvfifo.rf/grf.rf/gntv_or_sync_fifo.gl0.rd/gr1.rfwft/empty_fwft_i> in Unit <microblaze_0_axi_periph/mi_protocol_conv_bank/gen_protocol_slot[0].gen_prot_conv.conv_inst/gen_axi3.axi3_conv_inst/USE_WRITE.write_addr_inst/USE_B_CHANNEL.cmd_b_queue/inst/fifo_gen_inst> is equivalent to the following FF/Latch : <U0/xst_fifo_generator/gconvfifo.rf/grf.rf/gntv_or_sync_fifo.gl0.rd/gr1.rfwft/empty_fwft_fb> 
INFO:Xst:2260 - The FF/Latch <U0/xst_fifo_generator/gconvfifo.rf/grf.rf/rstblk/ngwrdrst.grst.rd_rst_reg_2> in Unit <microblaze_0_axi_periph/mi_protocol_conv_bank/gen_protocol_slot[0].gen_prot_conv.conv_inst/gen_axi3.axi3_conv_inst/USE_WRITE.write_addr_inst/USE_B_CHANNEL.cmd_b_queue/inst/fifo_gen_inst> is equivalent to the following FF/Latch : <U0/xst_fifo_generator/gconvfifo.rf/grf.rf/rstblk/ngwrdrst.grst.rd_rst_reg_0> 
INFO:Xst:2260 - The FF/Latch <U0/xst_fifo_generator/gconvfifo.rf/grf.rf/gntv_or_sync_fifo.gl0.wr/gwss.wsts/ram_full_i> in Unit <microblaze_0_axi_periph/mi_protocol_conv_bank/gen_protocol_slot[0].gen_prot_conv.conv_inst/gen_axi3.axi3_conv_inst/USE_WRITE.write_addr_inst/USE_B_CHANNEL.cmd_b_queue/inst/fifo_gen_inst> is equivalent to the following FF/Latch : <U0/xst_fifo_generator/gconvfifo.rf/grf.rf/gntv_or_sync_fifo.gl0.wr/gwss.wsts/ram_full_fb_i> 
INFO:Xst:2260 - The FF/Latch <U0/xst_fifo_generator/gconvfifo.rf/grf.rf/gntv_or_sync_fifo.gl0.rd/gr1.rfwft/empty_fwft_i> in Unit <microblaze_0_axi_periph/mi_protocol_conv_bank/gen_protocol_slot[0].gen_prot_conv.conv_inst/gen_axi3.axi3_conv_inst/USE_WRITE.write_addr_inst/USE_BURSTS.cmd_queue/inst/fifo_gen_inst> is equivalent to the following FF/Latch : <U0/xst_fifo_generator/gconvfifo.rf/grf.rf/gntv_or_sync_fifo.gl0.rd/gr1.rfwft/empty_fwft_fb> 
INFO:Xst:2260 - The FF/Latch <U0/xst_fifo_generator/gconvfifo.rf/grf.rf/rstblk/ngwrdrst.grst.rd_rst_reg_2> in Unit <microblaze_0_axi_periph/mi_protocol_conv_bank/gen_protocol_slot[0].gen_prot_conv.conv_inst/gen_axi3.axi3_conv_inst/USE_WRITE.write_addr_inst/USE_BURSTS.cmd_queue/inst/fifo_gen_inst> is equivalent to the following FF/Latch : <U0/xst_fifo_generator/gconvfifo.rf/grf.rf/rstblk/ngwrdrst.grst.rd_rst_reg_0> 
INFO:Xst:2260 - The FF/Latch <U0/xst_fifo_generator/gconvfifo.rf/grf.rf/gntv_or_sync_fifo.gl0.wr/gwss.wsts/ram_full_i> in Unit <microblaze_0_axi_periph/mi_protocol_conv_bank/gen_protocol_slot[0].gen_prot_conv.conv_inst/gen_axi3.axi3_conv_inst/USE_WRITE.write_addr_inst/USE_BURSTS.cmd_queue/inst/fifo_gen_inst> is equivalent to the following FF/Latch : <U0/xst_fifo_generator/gconvfifo.rf/grf.rf/gntv_or_sync_fifo.gl0.wr/gwss.wsts/ram_full_fb_i> 
INFO:Xst:2260 - The FF/Latch <U0/xst_fifo_generator/gconvfifo.rf/grf.rf/gntv_or_sync_fifo.gl0.rd/gr1.rfwft/empty_fwft_i> in Unit <microblaze_0_axi_periph/mi_protocol_conv_bank/gen_protocol_slot[0].gen_prot_conv.conv_inst/gen_axi3.axi3_conv_inst/USE_READ.USE_SPLIT.read_addr_inst/USE_R_CHANNEL.cmd_queue/inst/fifo_gen_inst> is equivalent to the following FF/Latch : <U0/xst_fifo_generator/gconvfifo.rf/grf.rf/gntv_or_sync_fifo.gl0.rd/gr1.rfwft/empty_fwft_fb> 
INFO:Xst:2260 - The FF/Latch <U0/xst_fifo_generator/gconvfifo.rf/grf.rf/rstblk/ngwrdrst.grst.rd_rst_reg_2> in Unit <microblaze_0_axi_periph/mi_protocol_conv_bank/gen_protocol_slot[0].gen_prot_conv.conv_inst/gen_axi3.axi3_conv_inst/USE_READ.USE_SPLIT.read_addr_inst/USE_R_CHANNEL.cmd_queue/inst/fifo_gen_inst> is equivalent to the following FF/Latch : <U0/xst_fifo_generator/gconvfifo.rf/grf.rf/rstblk/ngwrdrst.grst.rd_rst_reg_0> 
INFO:Xst:2260 - The FF/Latch <U0/xst_fifo_generator/gconvfifo.rf/grf.rf/gntv_or_sync_fifo.gl0.wr/gwss.wsts/ram_full_i> in Unit <microblaze_0_axi_periph/mi_protocol_conv_bank/gen_protocol_slot[0].gen_prot_conv.conv_inst/gen_axi3.axi3_conv_inst/USE_READ.USE_SPLIT.read_addr_inst/USE_R_CHANNEL.cmd_queue/inst/fifo_gen_inst> is equivalent to the following FF/Latch : <U0/xst_fifo_generator/gconvfifo.rf/grf.rf/gntv_or_sync_fifo.gl0.wr/gwss.wsts/ram_full_fb_i> 
INFO:Xst:2260 - The FF/Latch <microblaze_0/MicroBlaze_Core_I/Performance.Decode_I/wb_exception_kind_i_31> in Unit <microblaze_0> is equivalent to the following FF/Latch : <microblaze_0/MicroBlaze_Core_I/Performance.Decode_I/wb_exception_kind_i_31_1> 
INFO:Xst:2260 - The FF/Latch <microblaze_0/MicroBlaze_Core_I/Performance.Decode_I/wb_exception_kind_i_30> in Unit <microblaze_0> is equivalent to the following FF/Latch : <microblaze_0/MicroBlaze_Core_I/Performance.Decode_I/wb_exception_kind_i_30_1> 
INFO:Xst:2260 - The FF/Latch <microblaze_0/MicroBlaze_Core_I/Performance.Decode_I/wb_exception_i> in Unit <microblaze_0> is equivalent to the following FF/Latch : <microblaze_0/MicroBlaze_Core_I/Performance.Decode_I/wb_exception_i_1> 
INFO:Xst:2260 - The FF/Latch <microblaze_0/MicroBlaze_Core_I/Performance.Decode_I/wb_exception_kind_i_29> in Unit <microblaze_0> is equivalent to the following FF/Latch : <microblaze_0/MicroBlaze_Core_I/Performance.Decode_I/wb_exception_kind_i_29_1> 
INFO:Xst:2260 - The FF/Latch <microblaze_0/MicroBlaze_Core_I/Performance.Decode_I/wb_exception_kind_i_28> in Unit <microblaze_0> is equivalent to the following FF/Latch : <microblaze_0/MicroBlaze_Core_I/Performance.Decode_I/wb_exception_kind_i_28_1> 
INFO:Xst:2260 - The FF/Latch <axi_timer_0/TC_CORE_I/TIMER_CONTROL_I/TCSR1_GENERATE[21].TCSR1_FF_I> in Unit <axi_timer_0> is equivalent to the following FF/Latch : <axi_timer_0/TC_CORE_I/TIMER_CONTROL_I/TCSR0_GENERATE[21].TCSR0_FF_I> 
INFO:Xst:2260 - The FF/Latch <axi_timer_0/AXI4_LITE_I/I_SLAVE_ATTACHMENT/I_DECODER/Bus_RNW_reg> in Unit <axi_timer_0> is equivalent to the following FF/Latch : <axi_timer_0/AXI4_LITE_I/I_SLAVE_ATTACHMENT/I_DECODER/Bus_RNW_reg_1> 

Final Macro Processing ...

=========================================================================
Final Register Report

Found no macro
=========================================================================

=========================================================================
*                           Partition Report                            *
=========================================================================

Partition Implementation Status
-------------------------------

  No Partitions were found in this design.

-------------------------------

=========================================================================
*                            Design Summary                             *
=========================================================================

Clock Information:
------------------
---------------------------------------------------------------------------------------------------------------------------------------------------------------------------------+--------------------------------------------------------------------------------------------------------------------------------------------------------------------------------------------------------------------------------------------------------------------------------------------------------------------------------------------+-------+
Clock Signal                                                                                                                                                                     | Clock buffer(FF name)                                                                                                                                                                                                                                                                                                                      | Load  |
---------------------------------------------------------------------------------------------------------------------------------------------------------------------------------+--------------------------------------------------------------------------------------------------------------------------------------------------------------------------------------------------------------------------------------------------------------------------------------------------------------------------------------------+-------+
SensorMP_i/clock_generator_0/clock_generator_0/SIG_MMCM1_CLKOUT0                                                                                                                 | BUFG                                                                                                                                                                                                                                                                                                                                       | 4072  |
fsl_i2s_0_i2s_bck_pin                                                                                                                                                            | BUFGP                                                                                                                                                                                                                                                                                                                                      | 76    |
SensorMP_i/fsl_v20_0_i2s_mb0/FSL_Control_IRQ                                                                                                                                     | NONE(SensorMP_i/fsl_v20_0_i2s_mb0/fsl_v20_0_i2s_mb0/Using_FIFO.Async_FIFO_Gen.Use_Data.Use_BRAM0.Async_FIFO_BRAM_I1/Mram_ram_mem3)                                                                                                                                                                                                         | 4     |
fsl_i2s_1_i2s_bck_pin                                                                                                                                                            | BUFGP                                                                                                                                                                                                                                                                                                                                      | 76    |
SensorMP_i/fsl_v20_1_i2s_mb0/FSL_Control_IRQ                                                                                                                                     | NONE(SensorMP_i/fsl_v20_1_i2s_mb0/fsl_v20_1_i2s_mb0/Using_FIFO.Async_FIFO_Gen.Use_Data.Use_BRAM0.Async_FIFO_BRAM_I1/Mram_ram_mem3)                                                                                                                                                                                                         | 4     |
SensorMP_i/debug_module_0/debug_module_0/drck_i                                                                                                                                  | BUFG                                                                                                                                                                                                                                                                                                                                       | 210   |
SensorMP_i/debug_module_0/Ext_JTAG_UPDATE                                                                                                                                        | NONE(SensorMP_i/microblaze_0/microblaze_0/MicroBlaze_Core_I/Performance.Use_Debug_Logic.Master_Core.Debug_Perf/command_reg_0)                                                                                                                                                                                                              | 43    |
SensorMP_i/microblaze_0/microblaze_0/MicroBlaze_Core_I/Performance.Using_DCache.Using_WriteThrough.DCache_I1/DATA_RAM_Module/Using_B16_S36.Using_RAMB36.The_BRAMs[0].RAMB36_I1/N0| NONE(SensorMP_i/microblaze_0/microblaze_0/MicroBlaze_Core_I/Performance.Using_DCache.Using_WriteThrough.DCache_I1/DATA_RAM_Module/Using_B16_S36.Using_RAMB36.The_BRAMs[0].RAMB36_I1/microblaze_0/MicroBlaze_Core_I/Performance.Using_DCache.Using_WriteThrough.DCache_I1/DATA_RAM_Module/Using_B16_S36.Using_RAMB36.The_BRAMs[0].RAMB36_I1)| 1     |
---------------------------------------------------------------------------------------------------------------------------------------------------------------------------------+--------------------------------------------------------------------------------------------------------------------------------------------------------------------------------------------------------------------------------------------------------------------------------------------------------------------------------------------+-------+
INFO:Xst:2169 - HDL ADVISOR - Some clock signals were not automatically buffered by XST with BUFG/BUFR resources. Please use the buffer_type constraint in order to insert these buffers to the clock signals to help prevent skew problems.

Asynchronous Control Signals Information:
----------------------------------------
---------------------------------------------------------------------------------------------------------------------------------------------------------------------------------------------------------------------------------------------------------------------------------------------------------------------------------------------------------------------------+--------------------------------------------------------------------------------------------------------------------------------------------------------------------------------------------------------------------------------------------------------------------------------------------------------------------------------------------+-------+
Control Signal                                                                                                                                                                                                                                                                                                                                                             | Buffer(FF name)                                                                                                                                                                                                                                                                                                                            | Load  |
---------------------------------------------------------------------------------------------------------------------------------------------------------------------------------------------------------------------------------------------------------------------------------------------------------------------------------------------------------------------------+--------------------------------------------------------------------------------------------------------------------------------------------------------------------------------------------------------------------------------------------------------------------------------------------------------------------------------------------+-------+
SensorMP_i/fsl_v20_0_i2s_mb0/N1(SensorMP_i/fsl_v20_0_i2s_mb0/XST_VCC:P)                                                                                                                                                                                                                                                                                                    | NONE(SensorMP_i/fsl_v20_0_i2s_mb0/fsl_v20_0_i2s_mb0/Using_FIFO.Async_FIFO_Gen.Use_Data.Use_BRAM0.Async_FIFO_BRAM_I1/Mram_ram_mem1)                                                                                                                                                                                                         | 744   |
SensorMP_i/fsl_v20_1_i2s_mb0/N1(SensorMP_i/fsl_v20_1_i2s_mb0/XST_VCC:P)                                                                                                                                                                                                                                                                                                    | NONE(SensorMP_i/fsl_v20_1_i2s_mb0/fsl_v20_1_i2s_mb0/Using_FIFO.Async_FIFO_Gen.Use_Data.Use_BRAM0.Async_FIFO_BRAM_I1/Mram_ram_mem1)                                                                                                                                                                                                         | 744   |
SensorMP_i/fsl_v20_0_i2s_mb0/FSL_Control_IRQ(SensorMP_i/fsl_v20_0_i2s_mb0/XST_GND:G)                                                                                                                                                                                                                                                                                       | NONE(SensorMP_i/fsl_v20_0_i2s_mb0/fsl_v20_0_i2s_mb0/Using_FIFO.Async_FIFO_Gen.Use_Data.Use_BRAM0.Async_FIFO_BRAM_I1/Mram_ram_mem1)                                                                                                                                                                                                         | 432   |
SensorMP_i/fsl_v20_1_i2s_mb0/FSL_Control_IRQ(SensorMP_i/fsl_v20_1_i2s_mb0/XST_GND:G)                                                                                                                                                                                                                                                                                       | NONE(SensorMP_i/fsl_v20_1_i2s_mb0/fsl_v20_1_i2s_mb0/Using_FIFO.Async_FIFO_Gen.Use_Data.Use_BRAM0.Async_FIFO_BRAM_I1/Mram_ram_mem1)                                                                                                                                                                                                         | 432   |
SensorMP_i/microblaze_0/microblaze_0/MicroBlaze_Core_I/Performance.Using_DCache.Using_WriteThrough.DCache_I1/DATA_RAM_Module/Using_B16_S36.Using_RAMB36.The_BRAMs[0].RAMB36_I1/N1(SensorMP_i/microblaze_0/microblaze_0/MicroBlaze_Core_I/Performance.Using_DCache.Using_WriteThrough.DCache_I1/DATA_RAM_Module/Using_B16_S36.Using_RAMB36.The_BRAMs[0].RAMB36_I1/XST_VCC:P)| NONE(SensorMP_i/microblaze_0/microblaze_0/MicroBlaze_Core_I/Performance.Using_DCache.Using_WriteThrough.DCache_I1/DATA_RAM_Module/Using_B16_S36.Using_RAMB36.The_BRAMs[0].RAMB36_I1/microblaze_0/MicroBlaze_Core_I/Performance.Using_DCache.Using_WriteThrough.DCache_I1/DATA_RAM_Module/Using_B16_S36.Using_RAMB36.The_BRAMs[0].RAMB36_I1)| 124   |
SensorMP_i/microblaze_0/microblaze_0/MicroBlaze_Core_I/Performance.Using_DCache.Using_WriteThrough.DCache_I1/DATA_RAM_Module/Using_B16_S36.Using_RAMB36.The_BRAMs[0].RAMB36_I1/N0(SensorMP_i/microblaze_0/microblaze_0/MicroBlaze_Core_I/Performance.Using_DCache.Using_WriteThrough.DCache_I1/DATA_RAM_Module/Using_B16_S36.Using_RAMB36.The_BRAMs[0].RAMB36_I1/XST_GND:G)| NONE(SensorMP_i/microblaze_0/microblaze_0/MicroBlaze_Core_I/Performance.Using_DCache.Using_WriteThrough.DCache_I1/DATA_RAM_Module/Using_B16_S36.Using_RAMB36.The_BRAMs[0].RAMB36_I1/microblaze_0/MicroBlaze_Core_I/Performance.Using_DCache.Using_WriteThrough.DCache_I1/DATA_RAM_Module/Using_B16_S36.Using_RAMB36.The_BRAMs[0].RAMB36_I1)| 72    |
SensorMP_i/bram_block_0/bram_block_0/net_gnd0(SensorMP_i/bram_block_0/bram_block_0/XST_GND:G)                                                                                                                                                                                                                                                                              | NONE(SensorMP_i/bram_block_0/bram_block_0/ramb36e1_3)                                                                                                                                                                                                                                                                                      | 8     |
SensorMP_i/microblaze_0/DCACHE_FSL_OUT_CONTROL(SensorMP_i/microblaze_0/XST_GND:G)                                                                                                                                                                                                                                                                                          | NONE(SensorMP_i/microblaze_0/microblaze_0/MicroBlaze_Core_I/Performance.Using_DCache.Using_WriteThrough.DCache_I1/DATA_RAM_Module/Using_B16_S36.Using_RAMB36.The_BRAMs[0].RAMB36_I1/microblaze_0/MicroBlaze_Core_I/Performance.Using_DCache.Using_WriteThrough.DCache_I1/DATA_RAM_Module/Using_B16_S36.Using_RAMB36.The_BRAMs[0].RAMB36_I1)| 4     |
---------------------------------------------------------------------------------------------------------------------------------------------------------------------------------------------------------------------------------------------------------------------------------------------------------------------------------------------------------------------------+--------------------------------------------------------------------------------------------------------------------------------------------------------------------------------------------------------------------------------------------------------------------------------------------------------------------------------------------+-------+

Timing Summary:
---------------
Speed Grade: -1

   Minimum period: 5.680ns (Maximum Frequency: 176.056MHz)
   Minimum input arrival time before clock: 4.748ns
   Maximum output required time after clock: 5.907ns
   Maximum combinational path delay: 1.237ns

=========================================================================
