#-----------------------------------------------------------
# PlanAhead v14.7 (64-bit)
# Build 321239 by xbuild on Fri Sep 27 19:29:51 MDT 2013
# Start of session at: Tue May 05 13:00:34 2015
# Process ID: 9480
# Log file: D:/Workspace/Hardware/zynq7010/InGaAs/planAhead.log
# Journal file: D:/Workspace/Hardware/zynq7010/InGaAs\planAhead.jou
#-----------------------------------------------------------
INFO: [Common 17-78] Attempting to get a license: PlanAhead
INFO: [Common 17-290] Got license for PlanAhead
INFO: [Device 21-36] Loading parts and site information from D:/Xilinx/14.7/ISE_DS/PlanAhead/data/parts/arch.xml
Parsing RTL primitives file [D:/Xilinx/14.7/ISE_DS/PlanAhead/data/parts/xilinx/rtl/prims/rtl_prims.xml]
Finished parsing RTL primitives file [D:/Xilinx/14.7/ISE_DS/PlanAhead/data/parts/xilinx/rtl/prims/rtl_prims.xml]
start_gui
set env(JAVA_TOOL_OPTIONS) -Xmx2048m
-Xmx2048m
open_project {D:\Workspace\Hardware\zynq7010\InGaAs\InGaAs.ppr}
CRITICAL WARNING: [Project 1-19] Could not find the file D:/Workspace/Hardware/zynq7010/InGaAs/InGaAs.srcs/sources_1/imports/microblaze/mb_bootloop_le.elf.
Scanning sources...
Finished scanning sources
update_compile_order -fileset sources_1
exit
INFO: [Common 17-206] Exiting PlanAhead at Tue May 05 13:01:31 2015...
INFO: [Common 17-83] Releasing license: PlanAhead
