Release 14.7 - ngc2edif P.20131013 (nt64)
Copyright (c) 1995-2013 Xilinx, Inc.  All rights reserved.
Reading design sensor_stub.ngc ...
WARNING:NetListWriters:298 - No output is written to sensor_stub.xncf, ignored.
Processing design ...
   Preping design's networks ...
   Preping design's macros ...
  finished :Prep
Writing EDIF netlist file sensor_stub.edif ...
ngc2edif: Total memory usage is 82552 kilobytes

Release 14.7 - ngc2edif P.20131013 (nt64)
Copyright (c) 1995-2013 Xilinx, Inc.  All rights reserved.
Reading design sensor_stub.ngc ...
WARNING:NetListWriters:298 - No output is written to sensor_stub.xncf, ignored.
Processing design ...
   Preping design's networks ...
   Preping design's macros ...
  finished :Prep
Writing EDIF netlist file sensor_stub.edif ...
ngc2edif: Total memory usage is 82616 kilobytes

Release 14.7 - ngc2edif P.20131013 (nt64)
Copyright (c) 1995-2013 Xilinx, Inc.  All rights reserved.
Reading design sensor_stub.ngc ...
WARNING:NetListWriters:298 - No output is written to sensor_stub.xncf, ignored.
Processing design ...
   Preping design's networks ...
   Preping design's macros ...
  finished :Prep
Writing EDIF netlist file sensor_stub.edif ...
ngc2edif: Total memory usage is 82424 kilobytes

Release 14.7 - ngc2edif P.20131013 (nt64)
Copyright (c) 1995-2013 Xilinx, Inc.  All rights reserved.
Reading design sensor.ngc ...
WARNING:NetListWriters:298 - No output is written to sensor.xncf, ignored.
Processing design ...
   Preping design's networks ...
   Preping design's macros ...
  finished :Prep
Writing EDIF netlist file sensor.edif ...
ngc2edif: Total memory usage is 93688 kilobytes

Release 14.7 - ngc2edif P.20131013 (nt64)
Copyright (c) 1995-2013 Xilinx, Inc.  All rights reserved.
Reading design sensor_processing_system7_0_wrapper.ngc ...
WARNING:NetListWriters:298 - No output is written to
   sensor_processing_system7_0_wrapper.xncf, ignored.
Processing design ...
   Preping design's networks ...
   Preping design's macros ...
  finished :Prep
Writing EDIF netlist file sensor_processing_system7_0_wrapper.edif ...
ngc2edif: Total memory usage is 86520 kilobytes

Release 14.7 - ngc2edif P.20131013 (nt64)
Copyright (c) 1995-2013 Xilinx, Inc.  All rights reserved.
Reading design sensor_microblaze_0_reset_wrapper.ngc ...
WARNING:NetListWriters:298 - No output is written to
   sensor_microblaze_0_reset_wrapper.xncf, ignored.
Processing design ...
   Preping design's networks ...
   Preping design's macros ...
WARNING:NetListWriters:306 - Signal bus microblaze_0_reset/SEQ/pr_dec<2 : 0> on
   block sensor_microblaze_0_reset_wrapper is not reconstructed, because there
   are some missing bus signals.
WARNING:NetListWriters:306 - Signal bus microblaze_0_reset/SEQ/bsr_dec<2 : 0> on
   block sensor_microblaze_0_reset_wrapper is not reconstructed, because there
   are some missing bus signals.
  finished :Prep
Writing EDIF netlist file sensor_microblaze_0_reset_wrapper.edif ...
ngc2edif: Total memory usage is 82232 kilobytes

Release 14.7 - ngc2edif P.20131013 (nt64)
Copyright (c) 1995-2013 Xilinx, Inc.  All rights reserved.
Reading design sensor_clock_generator_0_wrapper.ngc ...
WARNING:NetListWriters:298 - No output is written to
   sensor_clock_generator_0_wrapper.xncf, ignored.
Processing design ...
   Preping design's networks ...
   Preping design's macros ...
  finished :Prep
Writing EDIF netlist file sensor_clock_generator_0_wrapper.edif ...
ngc2edif: Total memory usage is 82104 kilobytes

Release 14.7 - ngc2edif P.20131013 (nt64)
Copyright (c) 1995-2013 Xilinx, Inc.  All rights reserved.
Reading design sensor_fsl_i2s_0_wrapper.ngc ...
WARNING:NetListWriters:298 - No output is written to
   sensor_fsl_i2s_0_wrapper.xncf, ignored.
Processing design ...
   Preping design's networks ...
   Preping design's macros ...
  finished :Prep
Writing EDIF netlist file sensor_fsl_i2s_0_wrapper.edif ...
ngc2edif: Total memory usage is 82424 kilobytes

Release 14.7 - ngc2edif P.20131013 (nt64)
Copyright (c) 1995-2013 Xilinx, Inc.  All rights reserved.
Reading design sensor_fsl_v20_0_i2s_mb0_wrapper.ngc ...
WARNING:NetListWriters:298 - No output is written to
   sensor_fsl_v20_0_i2s_mb0_wrapper.xncf, ignored.
Processing design ...
   Preping design's networks ...
   Preping design's macros ...
WARNING:NetListWriters:306 - Signal bus
   fsl_v20_0_i2s_mb0/Using_FIFO.Async_FIFO_Gen.Use_Data.Use_BRAM0.Async_FIFO_BRA
   M_I1/write_addrgray<11 : 0> on block sensor_fsl_v20_0_i2s_mb0_wrapper is not
   reconstructed, because there are some missing bus signals.
  finished :Prep
Writing EDIF netlist file sensor_fsl_v20_0_i2s_mb0_wrapper.edif ...
ngc2edif: Total memory usage is 82424 kilobytes

Release 14.7 - ngc2edif P.20131013 (nt64)
Copyright (c) 1995-2013 Xilinx, Inc.  All rights reserved.
Reading design sensor_fsl_v20_1_i2s_mb0_wrapper.ngc ...
WARNING:NetListWriters:298 - No output is written to
   sensor_fsl_v20_1_i2s_mb0_wrapper.xncf, ignored.
Processing design ...
   Preping design's networks ...
   Preping design's macros ...
WARNING:NetListWriters:306 - Signal bus
   fsl_v20_1_i2s_mb0/Using_FIFO.Async_FIFO_Gen.Use_Data.Use_BRAM0.Async_FIFO_BRA
   M_I1/write_addrgray<11 : 0> on block sensor_fsl_v20_1_i2s_mb0_wrapper is not
   reconstructed, because there are some missing bus signals.
  finished :Prep
Writing EDIF netlist file sensor_fsl_v20_1_i2s_mb0_wrapper.edif ...
ngc2edif: Total memory usage is 82488 kilobytes

Release 14.7 - ngc2edif P.20131013 (nt64)
Copyright (c) 1995-2013 Xilinx, Inc.  All rights reserved.
Reading design sensor_fsl_i2s_1_wrapper.ngc ...
WARNING:NetListWriters:298 - No output is written to
   sensor_fsl_i2s_1_wrapper.xncf, ignored.
Processing design ...
   Preping design's networks ...
   Preping design's macros ...
  finished :Prep
Writing EDIF netlist file sensor_fsl_i2s_1_wrapper.edif ...
ngc2edif: Total memory usage is 82360 kilobytes

Release 14.7 - ngc2edif P.20131013 (nt64)
Copyright (c) 1995-2013 Xilinx, Inc.  All rights reserved.
Reading design sensor_microblaze_0_axi_ipc_wrapper.ngc ...
WARNING:NetListWriters:298 - No output is written to
   sensor_microblaze_0_axi_ipc_wrapper.xncf, ignored.
Processing design ...
   Preping design's networks ...
   Preping design's macros ...
WARNING:NetListWriters:306 - Signal bus
   U0/xst_fifo_generator/gconvfifo.rf/grf.rf/rstblk/ngwrdrst.grst.rd_rst_reg<2 :
   0> on block sensor_microblaze_0_axi_ipc_wrapper_fifo_generator_v9_1_2 is not
   reconstructed, because there are some missing bus signals.
WARNING:NetListWriters:306 - Signal bus
   U0/xst_fifo_generator/gconvfifo.rf/grf.rf/rstblk/ngwrdrst.grst.rd_rst_reg<2 :
   0> on block sensor_microblaze_0_axi_ipc_wrapper_fifo_generator_v9_1_1_NO1 is
   not reconstructed, because there are some missing bus signals.
WARNING:NetListWriters:306 - Signal bus
   U0/xst_fifo_generator/gconvfifo.rf/grf.rf/rstblk/ngwrdrst.grst.rd_rst_reg<2 :
   0> on block sensor_microblaze_0_axi_ipc_wrapper_fifo_generator_v9_1_1 is not
   reconstructed, because there are some missing bus signals.
WARNING:NetListWriters:306 - Signal bus
   microblaze_0_axi_ipc/si_converter_bank/gen_conv_slot[0].gen_upsizer.upsizer_i
   nst/si_register_slice_inst/aw_pipe/storage_data1[66 : 0] on block
   sensor_microblaze_0_axi_ipc_wrapper is not reconstructed, because there are
   some missing bus signals.
WARNING:NetListWriters:306 - Signal bus
   microblaze_0_axi_ipc/si_converter_bank/gen_conv_slot[0].gen_upsizer.upsizer_i
   nst/si_register_slice_inst/ar_pipe/storage_data1[66 : 0] on block
   sensor_microblaze_0_axi_ipc_wrapper is not reconstructed, because there are
   some missing bus signals.
  finished :Prep
Writing EDIF netlist file sensor_microblaze_0_axi_ipc_wrapper.edif ...
ngc2edif: Total memory usage is 89592 kilobytes

Release 14.7 - ngc2edif P.20131013 (nt64)
Copyright (c) 1995-2013 Xilinx, Inc.  All rights reserved.
Reading design sensor_lmb_v10_0_wrapper.ngc ...
WARNING:NetListWriters:298 - No output is written to
   sensor_lmb_v10_0_wrapper.xncf, ignored.
Processing design ...
   Preping design's networks ...
   Preping design's macros ...
  finished :Prep
Writing EDIF netlist file sensor_lmb_v10_0_wrapper.edif ...
ngc2edif: Total memory usage is 82424 kilobytes

Release 14.7 - ngc2edif P.20131013 (nt64)
Copyright (c) 1995-2013 Xilinx, Inc.  All rights reserved.
Reading design sensor_lmb_v10_1_wrapper.ngc ...
WARNING:NetListWriters:298 - No output is written to
   sensor_lmb_v10_1_wrapper.xncf, ignored.
Processing design ...
   Preping design's networks ...
   Preping design's macros ...
  finished :Prep
Writing EDIF netlist file sensor_lmb_v10_1_wrapper.edif ...
ngc2edif: Total memory usage is 81976 kilobytes

Release 14.7 - ngc2edif P.20131013 (nt64)
Copyright (c) 1995-2013 Xilinx, Inc.  All rights reserved.
Reading design sensor_microblaze_0_axi_periph_wrapper.ngc ...
WARNING:NetListWriters:298 - No output is written to
   sensor_microblaze_0_axi_periph_wrapper.xncf, ignored.
Processing design ...
   Preping design's networks ...
   Preping design's macros ...
WARNING:NetListWriters:306 - Signal bus
   U0/xst_fifo_generator/gconvfifo.rf/grf.rf/rstblk/ngwrdrst.grst.rd_rst_reg<2 :
   0> on block sensor_microblaze_0_axi_periph_wrapper_fifo_generator_v9_1_2 is
   not reconstructed, because there are some missing bus signals.
WARNING:NetListWriters:306 - Signal bus
   U0/xst_fifo_generator/gconvfifo.rf/grf.rf/rstblk/ngwrdrst.grst.rd_rst_reg<2 :
   0> on block sensor_microblaze_0_axi_periph_wrapper_fifo_generator_v9_1_1_NO1
   is not reconstructed, because there are some missing bus signals.
WARNING:NetListWriters:306 - Signal bus
   U0/xst_fifo_generator/gconvfifo.rf/grf.rf/rstblk/ngwrdrst.grst.rd_rst_reg<2 :
   0> on block sensor_microblaze_0_axi_periph_wrapper_fifo_generator_v9_1_1 is
   not reconstructed, because there are some missing bus signals.
WARNING:NetListWriters:306 - Signal bus
   microblaze_0_axi_periph/crossbar_samd/gen_sasd.crossbar_sasd_0/gen_crossbar.a
   ddr_arbiter_inst/m_amesg_i[48 : 1] on block
   sensor_microblaze_0_axi_periph_wrapper is not reconstructed, because there
   are some missing bus signals.
WARNING:NetListWriters:306 - Signal bus
   microblaze_0_axi_periph/crossbar_samd/gen_sasd.crossbar_sasd_0/gen_crossbar.a
   ddr_arbiter_inst/s_amesg[48 : 1] on block
   sensor_microblaze_0_axi_periph_wrapper is not reconstructed, because there
   are some missing bus signals.
  finished :Prep
Writing EDIF netlist file sensor_microblaze_0_axi_periph_wrapper.edif ...
ngc2edif: Total memory usage is 84472 kilobytes

Release 14.7 - ngc2edif P.20131013 (nt64)
Copyright (c) 1995-2013 Xilinx, Inc.  All rights reserved.
Reading design sensor_microblaze_0_wrapper.ngc ...
WARNING:NetListWriters:298 - No output is written to
   sensor_microblaze_0_wrapper.xncf, ignored.
Processing design ...
   Preping design's networks ...
   Preping design's macros ...
WARNING:NetListWriters:306 - Signal bus
   microblaze_0/MicroBlaze_Core_I/Performance.Use_Debug_Logic.Master_Core.Debug_
   Perf/control_reg[8 : 0] on block sensor_microblaze_0_wrapper is not
   reconstructed, because there are some missing bus signals.
WARNING:NetListWriters:306 - Signal bus microblaze_0/LOCKSTEP_Out[3817 : 0] on
   block sensor_microblaze_0_wrapper is not reconstructed, because there are
   some missing bus signals.
WARNING:NetListWriters:306 - Signal bus
   microblaze_0/MicroBlaze_Core_I/Performance.Data_Flow_I/msr_reg_i/wb_MSR_i[30
   : 22] on block sensor_microblaze_0_wrapper is not reconstructed, because
   there are some missing bus signals.
WARNING:NetListWriters:306 - Signal bus
   microblaze_0/MicroBlaze_Core_I/Performance.mem_MSR[28 : 0] on block
   sensor_microblaze_0_wrapper is not reconstructed, because there are some
   missing bus signals.
WARNING:NetListWriters:306 - Signal bus
   microblaze_0/MicroBlaze_Core_I/Performance.ex_MSR[30 : 0] on block
   sensor_microblaze_0_wrapper is not reconstructed, because there are some
   missing bus signals.
WARNING:NetListWriters:306 - Signal bus
   microblaze_0/MicroBlaze_Core_I/Performance.of_MSR[30 : 22] on block
   sensor_microblaze_0_wrapper is not reconstructed, because there are some
   missing bus signals.
WARNING:NetListWriters:306 - Signal bus
   microblaze_0/MicroBlaze_Core_I/Performance.Decode_I/of_PipeRun_carry[9 : 1]
   on block sensor_microblaze_0_wrapper is not reconstructed, because there are
   some missing bus signals.
WARNING:NetListWriters:306 - Signal bus
   microblaze_0/MicroBlaze_Core_I/Performance.Decode_I/of_pipe_ctrl[10 : 1] on
   block sensor_microblaze_0_wrapper is not reconstructed, because there are
   some missing bus signals.
WARNING:NetListWriters:306 - Signal bus
   microblaze_0/MicroBlaze_Core_I/Performance.Decode_I/PreFetch_Buffer_I1/Using_
   FPGA_Buffers_Mux.buffer_or_new[34 : 0] on block sensor_microblaze_0_wrapper
   is not reconstructed, because there are some missing bus signals.
WARNING:NetListWriters:306 - Signal bus
   microblaze_0/MicroBlaze_Core_I/Performance.Decode_I/PreFetch_Buffer_I1/Using_
   FPGA_Buffers_Mux.srl16[44 : 0] on block sensor_microblaze_0_wrapper is not
   reconstructed, because there are some missing bus signals.
WARNING:NetListWriters:306 - Signal bus
   microblaze_0/MicroBlaze_Core_I/Performance.Use_Debug_Logic.Master_Core.Debug_
   Perf/Detect_Commands.sample[6 : 0] on block sensor_microblaze_0_wrapper is
   not reconstructed, because there are some missing bus signals.
WARNING:NetListWriters:306 - Signal bus
   microblaze_0/MicroBlaze_Core_I/Performance.Use_Debug_Logic.Master_Core.Debug_
   Perf/status_reg[27 : 0] on block sensor_microblaze_0_wrapper is not
   reconstructed, because there are some missing bus signals.
WARNING:NetListWriters:306 - Signal bus
   microblaze_0/MicroBlaze_Core_I/Performance.Use_Debug_Logic.Master_Core.Debug_
   Perf/Use_SRL16.tdo_config_word1[15 : 0] on block sensor_microblaze_0_wrapper
   is not reconstructed, because there are some missing bus signals.
WARNING:NetListWriters:306 - Signal bus
   microblaze_0/MicroBlaze_Core_I/Performance.Data_Flow_I/n0089[30 : 0] on block
   sensor_microblaze_0_wrapper is not reconstructed, because there are some
   missing bus signals.
WARNING:NetListWriters:306 - Signal bus
   microblaze_0/MicroBlaze_Core_I/Performance.Data_Flow_I/mem_fwd[30 : 0] on
   block sensor_microblaze_0_wrapper is not reconstructed, because there are
   some missing bus signals.
WARNING:NetListWriters:306 - Signal bus
   microblaze_0/MicroBlaze_Core_I/Performance.Data_Flow_I/exception_registers_I1
   /WB_ESR[31 : 19] on block sensor_microblaze_0_wrapper is not reconstructed,
   because there are some missing bus signals.
WARNING:NetListWriters:306 - Signal bus
   microblaze_0/MicroBlaze_Core_I/Performance.Data_Flow_I/exception_registers_I1
   /WB_ESR_i[31 : 19] on block sensor_microblaze_0_wrapper is not reconstructed,
   because there are some missing bus signals.
WARNING:NetListWriters:306 - Signal bus
   microblaze_0/MicroBlaze_Core_I/Performance.Data_Flow_I/msr_reg_i/wb_MSR_cmb[3
   0 : 22] on block sensor_microblaze_0_wrapper is not reconstructed, because
   there are some missing bus signals.
WARNING:NetListWriters:306 - Signal bus
   microblaze_0/MicroBlaze_Core_I/Performance.Data_Flow_I/msr_reg_i/of_MSR_i[31
   : 17] on block sensor_microblaze_0_wrapper is not reconstructed, because
   there are some missing bus signals.
WARNING:NetListWriters:306 - Signal bus
   microblaze_0/MicroBlaze_Core_I/Performance.Data_Flow_I/msr_reg_i/ex_MSR_i[31
   : 17] on block sensor_microblaze_0_wrapper is not reconstructed, because
   there are some missing bus signals.
WARNING:NetListWriters:306 - Signal bus
   microblaze_0/MicroBlaze_Core_I/Performance.Data_Flow_I/msr_reg_i/mem_MSR_i[31
   : 17] on block sensor_microblaze_0_wrapper is not reconstructed, because
   there are some missing bus signals.
  finished :Prep
Writing EDIF netlist file sensor_microblaze_0_wrapper.edif ...
ngc2edif: Total memory usage is 97080 kilobytes

Release 14.7 - ngc2edif P.20131013 (nt64)
Copyright (c) 1995-2013 Xilinx, Inc.  All rights reserved.
Reading design sensor_bram_cntlr_instruction_wrapper.ngc ...
WARNING:NetListWriters:298 - No output is written to
   sensor_bram_cntlr_instruction_wrapper.xncf, ignored.
Processing design ...
   Preping design's networks ...
   Preping design's macros ...
  finished :Prep
Writing EDIF netlist file sensor_bram_cntlr_instruction_wrapper.edif ...
ngc2edif: Total memory usage is 83256 kilobytes

Release 14.7 - ngc2edif P.20131013 (nt64)
Copyright (c) 1995-2013 Xilinx, Inc.  All rights reserved.
Reading design sensor_bram_cntlr_data_wrapper.ngc ...
WARNING:NetListWriters:298 - No output is written to
   sensor_bram_cntlr_data_wrapper.xncf, ignored.
Processing design ...
   Preping design's networks ...
   Preping design's macros ...
  finished :Prep
Writing EDIF netlist file sensor_bram_cntlr_data_wrapper.edif ...
ngc2edif: Total memory usage is 83448 kilobytes

Release 14.7 - ngc2edif P.20131013 (nt64)
Copyright (c) 1995-2013 Xilinx, Inc.  All rights reserved.
Reading design sensor_debug_module_0_wrapper.ngc ...
WARNING:NetListWriters:298 - No output is written to
   sensor_debug_module_0_wrapper.xncf, ignored.
Processing design ...
   Preping design's networks ...
   Preping design's macros ...
WARNING:NetListWriters:306 - Signal bus debug_module_0/MDM_Core_I1/Config_Reg<31
   : 1> on block sensor_debug_module_0_wrapper is not reconstructed, because
   there are some missing bus signals.
  finished :Prep
Writing EDIF netlist file sensor_debug_module_0_wrapper.edif ...
ngc2edif: Total memory usage is 83448 kilobytes

Release 14.7 - ngc2edif P.20131013 (nt64)
Copyright (c) 1995-2013 Xilinx, Inc.  All rights reserved.
Reading design sensor_bram_block_0_wrapper.ngc ...
WARNING:NetListWriters:298 - No output is written to
   sensor_bram_block_0_wrapper.xncf, ignored.
Processing design ...
   Preping design's networks ...
   Preping design's macros ...
  finished :Prep
Writing EDIF netlist file sensor_bram_block_0_wrapper.edif ...
ngc2edif: Total memory usage is 82360 kilobytes

Release 14.7 - ngc2edif P.20131013 (nt64)
Copyright (c) 1995-2013 Xilinx, Inc.  All rights reserved.
Reading design sensor_stub.ngc ...
WARNING:NetListWriters:298 - No output is written to sensor_stub.xncf, ignored.
Processing design ...
   Preping design's networks ...
   Preping design's macros ...
  finished :Prep
Writing EDIF netlist file sensor_stub.edif ...
ngc2edif: Total memory usage is 82424 kilobytes

Release 14.7 - ngc2edif P.20131013 (nt64)
Copyright (c) 1995-2013 Xilinx, Inc.  All rights reserved.
Reading design sensor_stub.ngc ...
WARNING:NetListWriters:298 - No output is written to sensor_stub.xncf, ignored.
Processing design ...
   Preping design's networks ...
   Preping design's macros ...
  finished :Prep
Writing EDIF netlist file sensor_stub.edif ...
ngc2edif: Total memory usage is 82872 kilobytes

Release 14.7 - ngc2edif P.20131013 (nt64)
Copyright (c) 1995-2013 Xilinx, Inc.  All rights reserved.
Reading design sensor_stub.ngc ...
WARNING:NetListWriters:298 - No output is written to sensor_stub.xncf, ignored.
Processing design ...
   Preping design's networks ...
   Preping design's macros ...
  finished :Prep
Writing EDIF netlist file sensor_stub.edif ...
ngc2edif: Total memory usage is 82424 kilobytes

Release 14.7 - ngc2edif P.20131013 (nt64)
Copyright (c) 1995-2013 Xilinx, Inc.  All rights reserved.
Reading design sensor.ngc ...
WARNING:NetListWriters:298 - No output is written to sensor.xncf, ignored.
Processing design ...
   Preping design's networks ...
   Preping design's macros ...
  finished :Prep
Writing EDIF netlist file sensor.edif ...
ngc2edif: Total memory usage is 94008 kilobytes

Release 14.7 - ngc2edif P.20131013 (nt64)
Copyright (c) 1995-2013 Xilinx, Inc.  All rights reserved.
Reading design sensor_processing_system7_0_wrapper.ngc ...
WARNING:NetListWriters:298 - No output is written to
   sensor_processing_system7_0_wrapper.xncf, ignored.
Processing design ...
   Preping design's networks ...
   Preping design's macros ...
  finished :Prep
Writing EDIF netlist file sensor_processing_system7_0_wrapper.edif ...
ngc2edif: Total memory usage is 86520 kilobytes

Release 14.7 - ngc2edif P.20131013 (nt64)
Copyright (c) 1995-2013 Xilinx, Inc.  All rights reserved.
Reading design sensor_microblaze_0_reset_wrapper.ngc ...
WARNING:NetListWriters:298 - No output is written to
   sensor_microblaze_0_reset_wrapper.xncf, ignored.
Processing design ...
   Preping design's networks ...
   Preping design's macros ...
WARNING:NetListWriters:306 - Signal bus microblaze_0_reset/SEQ/pr_dec<2 : 0> on
   block sensor_microblaze_0_reset_wrapper is not reconstructed, because there
   are some missing bus signals.
WARNING:NetListWriters:306 - Signal bus microblaze_0_reset/SEQ/bsr_dec<2 : 0> on
   block sensor_microblaze_0_reset_wrapper is not reconstructed, because there
   are some missing bus signals.
  finished :Prep
Writing EDIF netlist file sensor_microblaze_0_reset_wrapper.edif ...
ngc2edif: Total memory usage is 82680 kilobytes

Release 14.7 - ngc2edif P.20131013 (nt64)
Copyright (c) 1995-2013 Xilinx, Inc.  All rights reserved.
Reading design sensor_clock_generator_0_wrapper.ngc ...
WARNING:NetListWriters:298 - No output is written to
   sensor_clock_generator_0_wrapper.xncf, ignored.
Processing design ...
   Preping design's networks ...
   Preping design's macros ...
  finished :Prep
Writing EDIF netlist file sensor_clock_generator_0_wrapper.edif ...
ngc2edif: Total memory usage is 81528 kilobytes

Release 14.7 - ngc2edif P.20131013 (nt64)
Copyright (c) 1995-2013 Xilinx, Inc.  All rights reserved.
Reading design sensor_fsl_i2s_0_wrapper.ngc ...
WARNING:NetListWriters:298 - No output is written to
   sensor_fsl_i2s_0_wrapper.xncf, ignored.
Processing design ...
   Preping design's networks ...
   Preping design's macros ...
  finished :Prep
Writing EDIF netlist file sensor_fsl_i2s_0_wrapper.edif ...
ngc2edif: Total memory usage is 82168 kilobytes

Release 14.7 - ngc2edif P.20131013 (nt64)
Copyright (c) 1995-2013 Xilinx, Inc.  All rights reserved.
Reading design sensor_fsl_v20_0_i2s_mb0_wrapper.ngc ...
WARNING:NetListWriters:298 - No output is written to
   sensor_fsl_v20_0_i2s_mb0_wrapper.xncf, ignored.
Processing design ...
   Preping design's networks ...
   Preping design's macros ...
WARNING:NetListWriters:306 - Signal bus
   fsl_v20_0_i2s_mb0/Using_FIFO.Async_FIFO_Gen.Use_Data.Use_BRAM0.Async_FIFO_BRA
   M_I1/write_addrgray<11 : 0> on block sensor_fsl_v20_0_i2s_mb0_wrapper is not
   reconstructed, because there are some missing bus signals.
  finished :Prep
Writing EDIF netlist file sensor_fsl_v20_0_i2s_mb0_wrapper.edif ...
ngc2edif: Total memory usage is 82424 kilobytes

Release 14.7 - ngc2edif P.20131013 (nt64)
Copyright (c) 1995-2013 Xilinx, Inc.  All rights reserved.
Reading design sensor_fsl_v20_1_i2s_mb0_wrapper.ngc ...
WARNING:NetListWriters:298 - No output is written to
   sensor_fsl_v20_1_i2s_mb0_wrapper.xncf, ignored.
Processing design ...
   Preping design's networks ...
   Preping design's macros ...
WARNING:NetListWriters:306 - Signal bus
   fsl_v20_1_i2s_mb0/Using_FIFO.Async_FIFO_Gen.Use_Data.Use_BRAM0.Async_FIFO_BRA
   M_I1/write_addrgray<11 : 0> on block sensor_fsl_v20_1_i2s_mb0_wrapper is not
   reconstructed, because there are some missing bus signals.
  finished :Prep
Writing EDIF netlist file sensor_fsl_v20_1_i2s_mb0_wrapper.edif ...
ngc2edif: Total memory usage is 82424 kilobytes

Release 14.7 - ngc2edif P.20131013 (nt64)
Copyright (c) 1995-2013 Xilinx, Inc.  All rights reserved.
Reading design sensor_fsl_i2s_1_wrapper.ngc ...
WARNING:NetListWriters:298 - No output is written to
   sensor_fsl_i2s_1_wrapper.xncf, ignored.
Processing design ...
   Preping design's networks ...
   Preping design's macros ...
  finished :Prep
Writing EDIF netlist file sensor_fsl_i2s_1_wrapper.edif ...
ngc2edif: Total memory usage is 82936 kilobytes

Release 14.7 - ngc2edif P.20131013 (nt64)
Copyright (c) 1995-2013 Xilinx, Inc.  All rights reserved.
Reading design sensor_microblaze_0_axi_ipc_wrapper.ngc ...
WARNING:NetListWriters:298 - No output is written to
   sensor_microblaze_0_axi_ipc_wrapper.xncf, ignored.
Processing design ...
   Preping design's networks ...
   Preping design's macros ...
WARNING:NetListWriters:306 - Signal bus
   U0/xst_fifo_generator/gconvfifo.rf/grf.rf/rstblk/ngwrdrst.grst.rd_rst_reg<2 :
   0> on block sensor_microblaze_0_axi_ipc_wrapper_fifo_generator_v9_1_2 is not
   reconstructed, because there are some missing bus signals.
WARNING:NetListWriters:306 - Signal bus
   U0/xst_fifo_generator/gconvfifo.rf/grf.rf/rstblk/ngwrdrst.grst.rd_rst_reg<2 :
   0> on block sensor_microblaze_0_axi_ipc_wrapper_fifo_generator_v9_1_1_NO1 is
   not reconstructed, because there are some missing bus signals.
WARNING:NetListWriters:306 - Signal bus
   U0/xst_fifo_generator/gconvfifo.rf/grf.rf/rstblk/ngwrdrst.grst.rd_rst_reg<2 :
   0> on block sensor_microblaze_0_axi_ipc_wrapper_fifo_generator_v9_1_1 is not
   reconstructed, because there are some missing bus signals.
WARNING:NetListWriters:306 - Signal bus
   microblaze_0_axi_ipc/si_converter_bank/gen_conv_slot[0].gen_upsizer.upsizer_i
   nst/si_register_slice_inst/aw_pipe/storage_data1[66 : 0] on block
   sensor_microblaze_0_axi_ipc_wrapper is not reconstructed, because there are
   some missing bus signals.
WARNING:NetListWriters:306 - Signal bus
   microblaze_0_axi_ipc/si_converter_bank/gen_conv_slot[0].gen_upsizer.upsizer_i
   nst/si_register_slice_inst/ar_pipe/storage_data1[66 : 0] on block
   sensor_microblaze_0_axi_ipc_wrapper is not reconstructed, because there are
   some missing bus signals.
  finished :Prep
Writing EDIF netlist file sensor_microblaze_0_axi_ipc_wrapper.edif ...
ngc2edif: Total memory usage is 89592 kilobytes

Release 14.7 - ngc2edif P.20131013 (nt64)
Copyright (c) 1995-2013 Xilinx, Inc.  All rights reserved.
Reading design sensor_lmb_v10_0_wrapper.ngc ...
WARNING:NetListWriters:298 - No output is written to
   sensor_lmb_v10_0_wrapper.xncf, ignored.
Processing design ...
   Preping design's networks ...
   Preping design's macros ...
  finished :Prep
Writing EDIF netlist file sensor_lmb_v10_0_wrapper.edif ...
ngc2edif: Total memory usage is 82360 kilobytes

Release 14.7 - ngc2edif P.20131013 (nt64)
Copyright (c) 1995-2013 Xilinx, Inc.  All rights reserved.
Reading design sensor_lmb_v10_1_wrapper.ngc ...
WARNING:NetListWriters:298 - No output is written to
   sensor_lmb_v10_1_wrapper.xncf, ignored.
Processing design ...
   Preping design's networks ...
   Preping design's macros ...
  finished :Prep
Writing EDIF netlist file sensor_lmb_v10_1_wrapper.edif ...
ngc2edif: Total memory usage is 82616 kilobytes

Release 14.7 - ngc2edif P.20131013 (nt64)
Copyright (c) 1995-2013 Xilinx, Inc.  All rights reserved.
Reading design sensor_microblaze_0_axi_periph_wrapper.ngc ...
WARNING:NetListWriters:298 - No output is written to
   sensor_microblaze_0_axi_periph_wrapper.xncf, ignored.
Processing design ...
   Preping design's networks ...
   Preping design's macros ...
WARNING:NetListWriters:306 - Signal bus
   U0/xst_fifo_generator/gconvfifo.rf/grf.rf/rstblk/ngwrdrst.grst.rd_rst_reg<2 :
   0> on block sensor_microblaze_0_axi_periph_wrapper_fifo_generator_v9_1_2 is
   not reconstructed, because there are some missing bus signals.
WARNING:NetListWriters:306 - Signal bus
   U0/xst_fifo_generator/gconvfifo.rf/grf.rf/rstblk/ngwrdrst.grst.rd_rst_reg<2 :
   0> on block sensor_microblaze_0_axi_periph_wrapper_fifo_generator_v9_1_1_NO1
   is not reconstructed, because there are some missing bus signals.
WARNING:NetListWriters:306 - Signal bus
   U0/xst_fifo_generator/gconvfifo.rf/grf.rf/rstblk/ngwrdrst.grst.rd_rst_reg<2 :
   0> on block sensor_microblaze_0_axi_periph_wrapper_fifo_generator_v9_1_1 is
   not reconstructed, because there are some missing bus signals.
WARNING:NetListWriters:306 - Signal bus
   microblaze_0_axi_periph/crossbar_samd/gen_sasd.crossbar_sasd_0/gen_crossbar.a
   ddr_arbiter_inst/m_amesg_i[48 : 1] on block
   sensor_microblaze_0_axi_periph_wrapper is not reconstructed, because there
   are some missing bus signals.
WARNING:NetListWriters:306 - Signal bus
   microblaze_0_axi_periph/crossbar_samd/gen_sasd.crossbar_sasd_0/gen_crossbar.a
   ddr_arbiter_inst/s_amesg[48 : 1] on block
   sensor_microblaze_0_axi_periph_wrapper is not reconstructed, because there
   are some missing bus signals.
  finished :Prep
Writing EDIF netlist file sensor_microblaze_0_axi_periph_wrapper.edif ...
ngc2edif: Total memory usage is 84472 kilobytes

Release 14.7 - ngc2edif P.20131013 (nt64)
Copyright (c) 1995-2013 Xilinx, Inc.  All rights reserved.
Reading design sensor_microblaze_0_wrapper.ngc ...
WARNING:NetListWriters:298 - No output is written to
   sensor_microblaze_0_wrapper.xncf, ignored.
Processing design ...
   Preping design's networks ...
   Preping design's macros ...
WARNING:NetListWriters:306 - Signal bus
   microblaze_0/MicroBlaze_Core_I/Performance.Use_Debug_Logic.Master_Core.Debug_
   Perf/control_reg[8 : 0] on block sensor_microblaze_0_wrapper is not
   reconstructed, because there are some missing bus signals.
WARNING:NetListWriters:306 - Signal bus microblaze_0/LOCKSTEP_Out[3817 : 0] on
   block sensor_microblaze_0_wrapper is not reconstructed, because there are
   some missing bus signals.
WARNING:NetListWriters:306 - Signal bus
   microblaze_0/MicroBlaze_Core_I/Performance.Data_Flow_I/msr_reg_i/wb_MSR_i[30
   : 24] on block sensor_microblaze_0_wrapper is not reconstructed, because
   there are some missing bus signals.
WARNING:NetListWriters:306 - Signal bus
   microblaze_0/MicroBlaze_Core_I/Performance.mem_MSR[28 : 0] on block
   sensor_microblaze_0_wrapper is not reconstructed, because there are some
   missing bus signals.
WARNING:NetListWriters:306 - Signal bus
   microblaze_0/MicroBlaze_Core_I/Performance.ex_MSR[30 : 0] on block
   sensor_microblaze_0_wrapper is not reconstructed, because there are some
   missing bus signals.
WARNING:NetListWriters:306 - Signal bus
   microblaze_0/MicroBlaze_Core_I/Performance.Decode_I/of_PipeRun_carry[9 : 1]
   on block sensor_microblaze_0_wrapper is not reconstructed, because there are
   some missing bus signals.
WARNING:NetListWriters:306 - Signal bus
   microblaze_0/MicroBlaze_Core_I/Performance.Decode_I/of_pipe_ctrl[10 : 1] on
   block sensor_microblaze_0_wrapper is not reconstructed, because there are
   some missing bus signals.
WARNING:NetListWriters:306 - Signal bus
   microblaze_0/MicroBlaze_Core_I/Performance.Decode_I/PreFetch_Buffer_I1/Using_
   FPGA_Buffers_Mux.buffer_or_new[32 : 0] on block sensor_microblaze_0_wrapper
   is not reconstructed, because there are some missing bus signals.
WARNING:NetListWriters:306 - Signal bus
   microblaze_0/MicroBlaze_Core_I/Performance.Decode_I/PreFetch_Buffer_I1/Using_
   FPGA_Buffers_Mux.srl16[42 : 0] on block sensor_microblaze_0_wrapper is not
   reconstructed, because there are some missing bus signals.
WARNING:NetListWriters:306 - Signal bus
   microblaze_0/MicroBlaze_Core_I/Performance.Use_Debug_Logic.Master_Core.Debug_
   Perf/Detect_Commands.sample[6 : 0] on block sensor_microblaze_0_wrapper is
   not reconstructed, because there are some missing bus signals.
WARNING:NetListWriters:306 - Signal bus
   microblaze_0/MicroBlaze_Core_I/Performance.Use_Debug_Logic.Master_Core.Debug_
   Perf/status_reg[27 : 0] on block sensor_microblaze_0_wrapper is not
   reconstructed, because there are some missing bus signals.
WARNING:NetListWriters:306 - Signal bus
   microblaze_0/MicroBlaze_Core_I/Performance.Use_Debug_Logic.Master_Core.Debug_
   Perf/Use_SRL16.tdo_config_word1[15 : 0] on block sensor_microblaze_0_wrapper
   is not reconstructed, because there are some missing bus signals.
WARNING:NetListWriters:306 - Signal bus
   microblaze_0/MicroBlaze_Core_I/Performance.Data_Flow_I/n0087[30 : 0] on block
   sensor_microblaze_0_wrapper is not reconstructed, because there are some
   missing bus signals.
WARNING:NetListWriters:306 - Signal bus
   microblaze_0/MicroBlaze_Core_I/Performance.Data_Flow_I/mem_fwd[30 : 0] on
   block sensor_microblaze_0_wrapper is not reconstructed, because there are
   some missing bus signals.
WARNING:NetListWriters:306 - Signal bus
   microblaze_0/MicroBlaze_Core_I/Performance.Data_Flow_I/msr_reg_i/wb_MSR_cmb[3
   0 : 28] on block sensor_microblaze_0_wrapper is not reconstructed, because
   there are some missing bus signals.
WARNING:NetListWriters:306 - Signal bus
   microblaze_0/MicroBlaze_Core_I/Performance.Data_Flow_I/msr_reg_i/of_MSR_i[31
   : 17] on block sensor_microblaze_0_wrapper is not reconstructed, because
   there are some missing bus signals.
WARNING:NetListWriters:306 - Signal bus
   microblaze_0/MicroBlaze_Core_I/Performance.Data_Flow_I/msr_reg_i/ex_MSR_i[31
   : 17] on block sensor_microblaze_0_wrapper is not reconstructed, because
   there are some missing bus signals.
WARNING:NetListWriters:306 - Signal bus
   microblaze_0/MicroBlaze_Core_I/Performance.Data_Flow_I/msr_reg_i/mem_MSR_i[31
   : 17] on block sensor_microblaze_0_wrapper is not reconstructed, because
   there are some missing bus signals.
  finished :Prep
Writing EDIF netlist file sensor_microblaze_0_wrapper.edif ...
ngc2edif: Total memory usage is 97080 kilobytes

Release 14.7 - ngc2edif P.20131013 (nt64)
Copyright (c) 1995-2013 Xilinx, Inc.  All rights reserved.
Reading design sensor_bram_cntlr_instruction_wrapper.ngc ...
WARNING:NetListWriters:298 - No output is written to
   sensor_bram_cntlr_instruction_wrapper.xncf, ignored.
Processing design ...
   Preping design's networks ...
   Preping design's macros ...
  finished :Prep
Writing EDIF netlist file sensor_bram_cntlr_instruction_wrapper.edif ...
ngc2edif: Total memory usage is 83128 kilobytes

Release 14.7 - ngc2edif P.20131013 (nt64)
Copyright (c) 1995-2013 Xilinx, Inc.  All rights reserved.
Reading design sensor_bram_cntlr_data_wrapper.ngc ...
WARNING:NetListWriters:298 - No output is written to
   sensor_bram_cntlr_data_wrapper.xncf, ignored.
Processing design ...
   Preping design's networks ...
   Preping design's macros ...
  finished :Prep
Writing EDIF netlist file sensor_bram_cntlr_data_wrapper.edif ...
ngc2edif: Total memory usage is 82424 kilobytes

Release 14.7 - ngc2edif P.20131013 (nt64)
Copyright (c) 1995-2013 Xilinx, Inc.  All rights reserved.
Reading design sensor_debug_module_0_wrapper.ngc ...
WARNING:NetListWriters:298 - No output is written to
   sensor_debug_module_0_wrapper.xncf, ignored.
Processing design ...
   Preping design's networks ...
   Preping design's macros ...
WARNING:NetListWriters:306 - Signal bus debug_module_0/MDM_Core_I1/Config_Reg<31
   : 1> on block sensor_debug_module_0_wrapper is not reconstructed, because
   there are some missing bus signals.
  finished :Prep
Writing EDIF netlist file sensor_debug_module_0_wrapper.edif ...
ngc2edif: Total memory usage is 83448 kilobytes

Release 14.7 - ngc2edif P.20131013 (nt64)
Copyright (c) 1995-2013 Xilinx, Inc.  All rights reserved.
Reading design sensor_bram_block_0_wrapper.ngc ...
WARNING:NetListWriters:298 - No output is written to
   sensor_bram_block_0_wrapper.xncf, ignored.
Processing design ...
   Preping design's networks ...
   Preping design's macros ...
  finished :Prep
Writing EDIF netlist file sensor_bram_block_0_wrapper.edif ...
ngc2edif: Total memory usage is 82424 kilobytes

