#-----------------------------------------------------------
# PlanAhead v14.7 (64-bit)
# Build 321239 by xbuild on Fri Sep 27 19:29:51 MDT 2013
# Start of session at: Mon May 04 13:45:23 2015
# Process ID: 5636
# Log file: D:/Workspace/Hardware/zynq7010/InGaAs/planAhead.log
# Journal file: D:/Workspace/Hardware/zynq7010/InGaAs\planAhead.jou
#-----------------------------------------------------------
INFO: [Common 17-78] Attempting to get a license: PlanAhead
INFO: [Common 17-290] Got license for PlanAhead
INFO: [Device 21-36] Loading parts and site information from D:/Xilinx/14.7/ISE_DS/PlanAhead/data/parts/arch.xml
Parsing RTL primitives file [D:/Xilinx/14.7/ISE_DS/PlanAhead/data/parts/xilinx/rtl/prims/rtl_prims.xml]
Finished parsing RTL primitives file [D:/Xilinx/14.7/ISE_DS/PlanAhead/data/parts/xilinx/rtl/prims/rtl_prims.xml]
start_gui
open_project {D:\Workspace\Hardware\zynq7010\InGaAs\InGaAs.ppr}
Scanning sources...
Finished scanning sources
open_project: Time (s): elapsed = 00:00:13 . Memory (MB): peak = 483.125 ; gain = 82.672
exit
INFO: [Common 17-206] Exiting PlanAhead at Mon May 04 13:47:11 2015...
INFO: [Common 17-83] Releasing license: PlanAhead
